{"name": "test_ods_referrals_module", "status": "broken", "statusDetails": {"message": "selenium.common.exceptions.TimeoutException: Message: \nStacktrace:\n0   chromedriver                        0x000000010492cea4 cxxbridge1$str$ptr + 2722840\n1   chromedriver                        0x0000000104924dac cxxbridge1$str$ptr + 2689824\n2   chromedriver                        0x00000001044763ec cxxbridge1$string$len + 90648\n3   chromedriver                        0x00000001044bd544 cxxbridge1$string$len + 381808\n4   chromedriver                        0x00000001044fe934 cxxbridge1$string$len + 649056\n5   chromedriver                        0x00000001044b1834 cxxbridge1$string$len + 333408\n6   chromedriver                        0x00000001048effc0 cxxbridge1$str$ptr + 2473268\n7   chromedriver                        0x00000001048f322c cxxbridge1$str$ptr + 2486176\n8   chromedriver                        0x00000001048d1a08 cxxbridge1$str$ptr + 2348924\n9   chromedriver                        0x00000001048f3ae8 cxxbridge1$str$ptr + 2488412\n10  chromedriver                        0x00000001048c2a98 cxxbridge1$str$ptr + 2287628\n11  chromedriver                        0x00000001049139d8 cxxbridge1$str$ptr + 2619212\n12  chromedriver                        0x0000000104913b64 cxxbridge1$str$ptr + 2619608\n13  chromedriver                        0x00000001049249e8 cxxbridge1$str$ptr + 2688860\n14  libsystem_pthread.dylib             0x000000019350ec0c _pthread_start + 136\n15  libsystem_pthread.dylib             0x0000000193509b80 thread_start + 8", "trace": "driver = <selenium.webdriver.chrome.webdriver.WebDriver (session=\"33af5222e8eaa5e500edd9dc28093cbe\")>\n\n    def test_ods_referrals_module(driver):\n        \"\"\"\n        Test the Referrals module for correct login, navigation, and referral editing.\n        \"\"\"\n    \n        driver.get(\"https://opendoors--qa.sandbox.my.salesforce.com\")\n        driver.maximize_window()\n        wait = WebDriverWait(driver, 15)\n    \n        # Step 1: Login\n        wait.until(ec.visibility_of_element_located((By.CSS_SELECTOR, \"#logo\")))\n        driver.find_element(By.CSS_SELECTOR, \"#username\").send_keys(\"udeme@opendoorsatl.org.qa\")\n        driver.find_element(By.CSS_SELECTOR, \"#password\").send_keys(\"1Gconnect!\")\n        driver.find_element(By.CSS_SELECTOR, \"#Login\").click()\n    \n        # Step 2: Home Page\n        driver.find_element(By.CSS_SELECTOR, \"div[class='slds-global-header__item'] div[class='slds-global-header__logo']\")\n        wait.until(ec.visibility_of_element_located((By.XPATH, \"/html/body/div[4]/div[1]/section/div[1]/div[1]/one-appnav/div/div/div/h1/span\")))\n    \n        # Step 3: Referral Tab\n        wait.until(ec.element_to_be_clickable((By.CSS_SELECTOR, 'a[href=\"/lightning/o/Case/home\"]'))).click()\n>       wait.until(ec.element_to_be_clickable((By.CSS_SELECTOR, \".slds-dropdown-trigger.slds-dropdown-trigger_click.lst-temp-slds-lineHeight > button\"))).click()\n\ntests/test_ods_referrals_module 2.py:27: \n_ _ _ _ _ _ _ _ _ _ _ _ _ _ _ _ _ _ _ _ _ _ _ _ _ _ _ _ _ _ _ _ _ _ _ _ _ _ _ _ _ _ _ _ _ _ _ _ _ _ _ _ _ _ _ _ _ _ _ _ _ _ _ _ _ _ _ _ _ _ _ _ _ _ _ _ _ _ _ _ _\n\nself = <selenium.webdriver.support.wait.WebDriverWait (session=\"33af5222e8eaa5e500edd9dc28093cbe\")>\nmethod = <function element_to_be_clickable.<locals>._predicate at 0x10248a940>, message = ''\n\n    def until(self, method: Callable[[D], Union[Literal[False], T]], message: str = \"\") -> T:\n        \"\"\"Wait until the method returns a value that is not False.\n    \n        Calls the method provided with the driver as an argument until the\n        return value does not evaluate to ``False``.\n    \n        Parameters:\n        -----------\n        method: callable(WebDriver)\n            - A callable object that takes a WebDriver instance as an argument.\n    \n        message: str\n            - Optional message for :exc:`TimeoutException`\n    \n        Return:\n        -------\n        object: T\n            - The result of the last call to `method`\n    \n        Raises:\n        -------\n        TimeoutException\n            - If 'method' does not return a truthy value within the WebDriverWait\n            object's timeout\n    \n        Example:\n        --------\n        >>> from selenium.webdriver.common.by import By\n        >>> from selenium.webdriver.support.ui import WebDriverWait\n        >>> from selenium.webdriver.support import expected_conditions as EC\n    \n        # Wait until an element is visible on the page\n        >>> wait = WebDriverWait(driver, 10)\n        >>> element = wait.until(EC.visibility_of_element_located((By.ID, \"exampleId\")))\n        >>> print(element.text)\n        \"\"\"\n        screen = None\n        stacktrace = None\n    \n        end_time = time.monotonic() + self._timeout\n        while True:\n            try:\n                value = method(self._driver)\n                if value:\n                    return value\n            except self._ignored_exceptions as exc:\n                screen = getattr(exc, \"screen\", None)\n                stacktrace = getattr(exc, \"stacktrace\", None)\n            if time.monotonic() > end_time:\n                break\n            time.sleep(self._poll)\n>       raise TimeoutException(message, screen, stacktrace)\nE       selenium.common.exceptions.TimeoutException: Message: \nE       Stacktrace:\nE       0   chromedriver                        0x000000010492cea4 cxxbridge1$str$ptr + 2722840\nE       1   chromedriver                        0x0000000104924dac cxxbridge1$str$ptr + 2689824\nE       2   chromedriver                        0x00000001044763ec cxxbridge1$string$len + 90648\nE       3   chromedriver                        0x00000001044bd544 cxxbridge1$string$len + 381808\nE       4   chromedriver                        0x00000001044fe934 cxxbridge1$string$len + 649056\nE       5   chromedriver                        0x00000001044b1834 cxxbridge1$string$len + 333408\nE       6   chromedriver                        0x00000001048effc0 cxxbridge1$str$ptr + 2473268\nE       7   chromedriver                        0x00000001048f322c cxxbridge1$str$ptr + 2486176\nE       8   chromedriver                        0x00000001048d1a08 cxxbridge1$str$ptr + 2348924\nE       9   chromedriver                        0x00000001048f3ae8 cxxbridge1$str$ptr + 2488412\nE       10  chromedriver                        0x00000001048c2a98 cxxbridge1$str$ptr + 2287628\nE       11  chromedriver                        0x00000001049139d8 cxxbridge1$str$ptr + 2619212\nE       12  chromedriver                        0x0000000104913b64 cxxbridge1$str$ptr + 2619608\nE       13  chromedriver                        0x00000001049249e8 cxxbridge1$str$ptr + 2688860\nE       14  libsystem_pthread.dylib             0x000000019350ec0c _pthread_start + 136\nE       15  libsystem_pthread.dylib             0x0000000193509b80 thread_start + 8\n\n../../Library/Python/3.9/lib/python/site-packages/selenium/webdriver/support/wait.py:138: TimeoutException"}, "description": "\n    Test the Referrals module for correct login, navigation, and referral editing.\n    ", "attachments": [{"name": "test_ods_referrals_module_screenshot", "source": "5990c9aa-fc50-4593-9f99-3822aafa7062-attachment.png", "type": "image/png"}, {"name": "test_ods_referrals_module_html", "source": "a635f3fc-9cef-4cc1-9dd9-78717a1d2d9c-attachment.html", "type": "text/html"}], "start": 1752503175161, "stop": 1752503249322, "uuid": "b0a5e72a-364c-40eb-ab05-ab4d7338f17c", "historyId": "5eab92d41995707964204f5ee3ae1843", "testCaseId": "5eab92d41995707964204f5ee3ae1843", "fullName": "tests.test_ods_referrals_module 2#test_ods_referrals_module", "labels": [{"name": "parentSuite", "value": "tests"}, {"name": "suite", "value": "test_ods_referrals_module 2"}, {"name": "host", "value": "MacBookPro"}, {"name": "thread", "value": "32575-MainThread"}, {"name": "framework", "value": "pytest"}, {"name": "language", "value": "cpython3"}, {"name": "package", "value": "tests.test_ods_referrals_module 2"}]}