{"uid":"4b4757e66a1912dae1a509f688f20b0f","name":"categories","children":[{"name":"Test defects","children":[{"name":"selenium.common.exceptions.TimeoutException: Message: \nStacktrace:\n0   chromedriver                        0x0000000103004ea4 cxxbridge1$str$ptr + 2722840\n1   chromedriver                        0x0000000102ffcdac cxxbridge1$str$ptr + 2689824\n2   chromedriver                        0x0000000102b4e3ec cxxbridge1$string$len + 90648\n3   chromedriver                        0x0000000102b95544 cxxbridge1$string$len + 381808\n4   chromedriver                        0x0000000102bd6934 cxxbridge1$string$len + 649056\n5   chromedriver                        0x0000000102b89834 cxxbridge1$string$len + 333408\n6   chromedriver                        0x0000000102fc7fc0 cxxbridge1$str$ptr + 2473268\n7   chromedriver                        0x0000000102fcb22c cxxbridge1$str$ptr + 2486176\n8   chromedriver                        0x0000000102fa9a08 cxxbridge1$str$ptr + 2348924\n9   chromedriver                        0x0000000102fcbae8 cxxbridge1$str$ptr + 2488412\n10  chromedriver                        0x0000000102f9aa98 cxxbridge1$str$ptr + 2287628\n11  chromedriver                        0x0000000102feb9d8 cxxbridge1$str$ptr + 2619212\n12  chromedriver                        0x0000000102febb64 cxxbridge1$str$ptr + 2619608\n13  chromedriver                        0x0000000102ffc9e8 cxxbridge1$str$ptr + 2688860\n14  libsystem_pthread.dylib             0x00000001997dfc0c _pthread_start + 136\n15  libsystem_pthread.dylib             0x00000001997dab80 thread_start + 8","children":[{"name":"test_pm_property","uid":"330dab80807945cc","parentUid":"26abad310c7c6505bfe179370c91d25f","status":"broken","time":{"start":1754526374396,"stop":1754526401325,"duration":26929},"flaky":false,"newFailed":false,"newPassed":false,"newBroken":false,"retriesCount":0,"retriesStatusChange":false,"parameters":[],"tags":[]}],"uid":"26abad310c7c6505bfe179370c91d25f"},{"name":"selenium.common.exceptions.NoSuchElementException: Message: no such element: Unable to locate element: {\"method\":\"css selector\",\"selector\":\"img[alt='Open Doors Community']\"}\n  (Session info: chrome=138.0.7204.184); For documentation on this error, please visit: https://www.selenium.dev/documentation/webdriver/troubleshooting/errors#nosuchelementexception\nStacktrace:\n0   chromedriver                        0x0000000105290ea4 cxxbridge1$str$ptr + 2722840\n1   chromedriver                        0x0000000105288dac cxxbridge1$str$ptr + 2689824\n2   chromedriver                        0x0000000104dda3ec cxxbridge1$string$len + 90648\n3   chromedriver                        0x0000000104e21544 cxxbridge1$string$len + 381808\n4   chromedriver                        0x0000000104e62934 cxxbridge1$string$len + 649056\n5   chromedriver                        0x0000000104e15834 cxxbridge1$string$len + 333408\n6   chromedriver                        0x0000000105253fc0 cxxbridge1$str$ptr + 2473268\n7   chromedriver                        0x000000010525722c cxxbridge1$str$ptr + 2486176\n8   chromedriver                        0x0000000105235a08 cxxbridge1$str$ptr + 2348924\n9   chromedriver                        0x0000000105257ae8 cxxbridge1$str$ptr + 2488412\n10  chromedriver                        0x0000000105226a98 cxxbridge1$str$ptr + 2287628\n11  chromedriver                        0x00000001052779d8 cxxbridge1$str$ptr + 2619212\n12  chromedriver                        0x0000000105277b64 cxxbridge1$str$ptr + 2619608\n13  chromedriver                        0x00000001052889e8 cxxbridge1$str$ptr + 2688860\n14  libsystem_pthread.dylib             0x00000001997dfc0c _pthread_start + 136\n15  libsystem_pthread.dylib             0x00000001997dab80 thread_start + 8","children":[{"name":"test_create_applicant_only_referral","uid":"13c7d9fdea0a1f31","parentUid":"e85e73a31181d19d025518f8e5e3e31d","status":"broken","time":{"start":1754526424442,"stop":1754526429164,"duration":4722},"flaky":false,"newFailed":false,"newPassed":false,"newBroken":false,"retriesCount":0,"retriesStatusChange":false,"parameters":[],"tags":[]}],"uid":"e85e73a31181d19d025518f8e5e3e31d"},{"name":"selenium.common.exceptions.NoSuchElementException: Message: no such element: Unable to locate element: {\"method\":\"css selector\",\"selector\":\"img[alt='Open Doors Community']\"}\n  (Session info: chrome=138.0.7204.184); For documentation on this error, please visit: https://www.selenium.dev/documentation/webdriver/troubleshooting/errors#nosuchelementexception\nStacktrace:\n0   chromedriver                        0x0000000105244ea4 cxxbridge1$str$ptr + 2722840\n1   chromedriver                        0x000000010523cdac cxxbridge1$str$ptr + 2689824\n2   chromedriver                        0x0000000104d8e3ec cxxbridge1$string$len + 90648\n3   chromedriver                        0x0000000104dd5544 cxxbridge1$string$len + 381808\n4   chromedriver                        0x0000000104e16934 cxxbridge1$string$len + 649056\n5   chromedriver                        0x0000000104dc9834 cxxbridge1$string$len + 333408\n6   chromedriver                        0x0000000105207fc0 cxxbridge1$str$ptr + 2473268\n7   chromedriver                        0x000000010520b22c cxxbridge1$str$ptr + 2486176\n8   chromedriver                        0x00000001051e9a08 cxxbridge1$str$ptr + 2348924\n9   chromedriver                        0x000000010520bae8 cxxbridge1$str$ptr + 2488412\n10  chromedriver                        0x00000001051daa98 cxxbridge1$str$ptr + 2287628\n11  chromedriver                        0x000000010522b9d8 cxxbridge1$str$ptr + 2619212\n12  chromedriver                        0x000000010522bb64 cxxbridge1$str$ptr + 2619608\n13  chromedriver                        0x000000010523c9e8 cxxbridge1$str$ptr + 2688860\n14  libsystem_pthread.dylib             0x00000001997dfc0c _pthread_start + 136\n15  libsystem_pthread.dylib             0x00000001997dab80 thread_start + 8","children":[{"name":"test_casemanager_homepage_dashboard","uid":"191cfcf2f63f37b","parentUid":"aab4ae263f7b2bed6c7a77380d3f99c7","status":"broken","time":{"start":1754526429819,"stop":1754526434126,"duration":4307},"flaky":false,"newFailed":false,"newPassed":false,"newBroken":false,"retriesCount":0,"retriesStatusChange":false,"parameters":[],"tags":[]}],"uid":"aab4ae263f7b2bed6c7a77380d3f99c7"},{"name":"selenium.common.exceptions.NoSuchElementException: Message: no such element: Unable to locate element: {\"method\":\"css selector\",\"selector\":\"img[alt='Open Doors Community']\"}\n  (Session info: chrome=138.0.7204.184); For documentation on this error, please visit: https://www.selenium.dev/documentation/webdriver/troubleshooting/errors#nosuchelementexception\nStacktrace:\n0   chromedriver                        0x0000000104bc0ea4 cxxbridge1$str$ptr + 2722840\n1   chromedriver                        0x0000000104bb8dac cxxbridge1$str$ptr + 2689824\n2   chromedriver                        0x000000010470a3ec cxxbridge1$string$len + 90648\n3   chromedriver                        0x0000000104751544 cxxbridge1$string$len + 381808\n4   chromedriver                        0x0000000104792934 cxxbridge1$string$len + 649056\n5   chromedriver                        0x0000000104745834 cxxbridge1$string$len + 333408\n6   chromedriver                        0x0000000104b83fc0 cxxbridge1$str$ptr + 2473268\n7   chromedriver                        0x0000000104b8722c cxxbridge1$str$ptr + 2486176\n8   chromedriver                        0x0000000104b65a08 cxxbridge1$str$ptr + 2348924\n9   chromedriver                        0x0000000104b87ae8 cxxbridge1$str$ptr + 2488412\n10  chromedriver                        0x0000000104b56a98 cxxbridge1$str$ptr + 2287628\n11  chromedriver                        0x0000000104ba79d8 cxxbridge1$str$ptr + 2619212\n12  chromedriver                        0x0000000104ba7b64 cxxbridge1$str$ptr + 2619608\n13  chromedriver                        0x0000000104bb89e8 cxxbridge1$str$ptr + 2688860\n14  libsystem_pthread.dylib             0x00000001997dfc0c _pthread_start + 136\n15  libsystem_pthread.dylib             0x00000001997dab80 thread_start + 8","children":[{"name":"test_casemanager_login_logout","uid":"c7797e150afcfafa","parentUid":"f36e85f9670a41eb8f9b9425585edd03","status":"broken","time":{"start":1754526434766,"stop":1754526439113,"duration":4347},"flaky":false,"newFailed":false,"newPassed":false,"newBroken":false,"retriesCount":0,"retriesStatusChange":false,"parameters":[],"tags":[]}],"uid":"f36e85f9670a41eb8f9b9425585edd03"},{"name":"selenium.common.exceptions.NoSuchElementException: Message: no such element: Unable to locate element: {\"method\":\"css selector\",\"selector\":\"img[alt='Open Doors Community']\"}\n  (Session info: chrome=138.0.7204.184); For documentation on this error, please visit: https://www.selenium.dev/documentation/webdriver/troubleshooting/errors#nosuchelementexception\nStacktrace:\n0   chromedriver                        0x0000000102760ea4 cxxbridge1$str$ptr + 2722840\n1   chromedriver                        0x0000000102758dac cxxbridge1$str$ptr + 2689824\n2   chromedriver                        0x00000001022aa3ec cxxbridge1$string$len + 90648\n3   chromedriver                        0x00000001022f1544 cxxbridge1$string$len + 381808\n4   chromedriver                        0x0000000102332934 cxxbridge1$string$len + 649056\n5   chromedriver                        0x00000001022e5834 cxxbridge1$string$len + 333408\n6   chromedriver                        0x0000000102723fc0 cxxbridge1$str$ptr + 2473268\n7   chromedriver                        0x000000010272722c cxxbridge1$str$ptr + 2486176\n8   chromedriver                        0x0000000102705a08 cxxbridge1$str$ptr + 2348924\n9   chromedriver                        0x0000000102727ae8 cxxbridge1$str$ptr + 2488412\n10  chromedriver                        0x00000001026f6a98 cxxbridge1$str$ptr + 2287628\n11  chromedriver                        0x00000001027479d8 cxxbridge1$str$ptr + 2619212\n12  chromedriver                        0x0000000102747b64 cxxbridge1$str$ptr + 2619608\n13  chromedriver                        0x00000001027589e8 cxxbridge1$str$ptr + 2688860\n14  libsystem_pthread.dylib             0x00000001997dfc0c _pthread_start + 136\n15  libsystem_pthread.dylib             0x00000001997dab80 thread_start + 8","children":[{"name":"test_casemanager_properties","uid":"9530caa1ca108426","parentUid":"5e3c974b12777eabdb6e29da6f3d387c","status":"broken","time":{"start":1754526439776,"stop":1754526443988,"duration":4212},"flaky":false,"newFailed":false,"newPassed":false,"newBroken":false,"retriesCount":0,"retriesStatusChange":false,"parameters":[],"tags":[]}],"uid":"5e3c974b12777eabdb6e29da6f3d387c"},{"name":"selenium.common.exceptions.NoSuchElementException: Message: no such element: Unable to locate element: {\"method\":\"css selector\",\"selector\":\"img[alt='Open Doors Community']\"}\n  (Session info: chrome=138.0.7204.184); For documentation on this error, please visit: https://www.selenium.dev/documentation/webdriver/troubleshooting/errors#nosuchelementexception\nStacktrace:\n0   chromedriver                        0x0000000103494ea4 cxxbridge1$str$ptr + 2722840\n1   chromedriver                        0x000000010348cdac cxxbridge1$str$ptr + 2689824\n2   chromedriver                        0x0000000102fde3ec cxxbridge1$string$len + 90648\n3   chromedriver                        0x0000000103025544 cxxbridge1$string$len + 381808\n4   chromedriver                        0x0000000103066934 cxxbridge1$string$len + 649056\n5   chromedriver                        0x0000000103019834 cxxbridge1$string$len + 333408\n6   chromedriver                        0x0000000103457fc0 cxxbridge1$str$ptr + 2473268\n7   chromedriver                        0x000000010345b22c cxxbridge1$str$ptr + 2486176\n8   chromedriver                        0x0000000103439a08 cxxbridge1$str$ptr + 2348924\n9   chromedriver                        0x000000010345bae8 cxxbridge1$str$ptr + 2488412\n10  chromedriver                        0x000000010342aa98 cxxbridge1$str$ptr + 2287628\n11  chromedriver                        0x000000010347b9d8 cxxbridge1$str$ptr + 2619212\n12  chromedriver                        0x000000010347bb64 cxxbridge1$str$ptr + 2619608\n13  chromedriver                        0x000000010348c9e8 cxxbridge1$str$ptr + 2688860\n14  libsystem_pthread.dylib             0x00000001997dfc0c _pthread_start + 136\n15  libsystem_pthread.dylib             0x00000001997dab80 thread_start + 8","children":[{"name":"test_casemanager_referrals_campaign","uid":"c45d8c7eddca5f0f","parentUid":"5ecfad890252c015fc74a6bbc33b82c9","status":"broken","time":{"start":1754526444602,"stop":1754526449514,"duration":4912},"flaky":false,"newFailed":false,"newPassed":false,"newBroken":false,"retriesCount":0,"retriesStatusChange":false,"parameters":[],"tags":[]}],"uid":"5ecfad890252c015fc74a6bbc33b82c9"},{"name":"selenium.common.exceptions.NoSuchElementException: Message: no such element: Unable to locate element: {\"method\":\"xpath\",\"selector\":\"//span[@class='slds-truncate']//span[contains(text(),'DocuSign Envelope Recipients')]\"}\n  (Session info: chrome=138.0.7204.184); For documentation on this error, please visit: https://www.selenium.dev/documentation/webdriver/troubleshooting/errors#nosuchelementexception\nStacktrace:\n0   chromedriver                        0x0000000104d50ea4 cxxbridge1$str$ptr + 2722840\n1   chromedriver                        0x0000000104d48dac cxxbridge1$str$ptr + 2689824\n2   chromedriver                        0x000000010489a3ec cxxbridge1$string$len + 90648\n3   chromedriver                        0x00000001048e1544 cxxbridge1$string$len + 381808\n4   chromedriver                        0x0000000104922934 cxxbridge1$string$len + 649056\n5   chromedriver                        0x00000001048d5834 cxxbridge1$string$len + 333408\n6   chromedriver                        0x0000000104d13fc0 cxxbridge1$str$ptr + 2473268\n7   chromedriver                        0x0000000104d1722c cxxbridge1$str$ptr + 2486176\n8   chromedriver                        0x0000000104cf5a08 cxxbridge1$str$ptr + 2348924\n9   chromedriver                        0x0000000104d17ae8 cxxbridge1$str$ptr + 2488412\n10  chromedriver                        0x0000000104ce6a98 cxxbridge1$str$ptr + 2287628\n11  chromedriver                        0x0000000104d379d8 cxxbridge1$str$ptr + 2619212\n12  chromedriver                        0x0000000104d37b64 cxxbridge1$str$ptr + 2619608\n13  chromedriver                        0x0000000104d489e8 cxxbridge1$str$ptr + 2688860\n14  libsystem_pthread.dylib             0x00000001997dfc0c _pthread_start + 136\n15  libsystem_pthread.dylib             0x00000001997dab80 thread_start + 8","children":[{"name":"test_ods_accounts_module","uid":"a29749ae846e8775","parentUid":"89494e344ce0a13987176f7b620dd6af","status":"broken","time":{"start":1754526465006,"stop":1754526511947,"duration":46941},"flaky":false,"newFailed":false,"newPassed":false,"newBroken":false,"retriesCount":0,"retriesStatusChange":false,"parameters":[],"tags":[]}],"uid":"89494e344ce0a13987176f7b620dd6af"},{"name":"selenium.common.exceptions.NoSuchElementException: Message: no such element: Unable to locate element: {\"method\":\"xpath\",\"selector\":\"//span[@class='slds-truncate']//span[contains(text(),'DocuSign Envelope Recipients')]\"}\n  (Session info: chrome=138.0.7204.184); For documentation on this error, please visit: https://www.selenium.dev/documentation/webdriver/troubleshooting/errors#nosuchelementexception\nStacktrace:\n0   chromedriver                        0x00000001028e4ea4 cxxbridge1$str$ptr + 2722840\n1   chromedriver                        0x00000001028dcdac cxxbridge1$str$ptr + 2689824\n2   chromedriver                        0x000000010242e3ec cxxbridge1$string$len + 90648\n3   chromedriver                        0x0000000102475544 cxxbridge1$string$len + 381808\n4   chromedriver                        0x00000001024b6934 cxxbridge1$string$len + 649056\n5   chromedriver                        0x0000000102469834 cxxbridge1$string$len + 333408\n6   chromedriver                        0x00000001028a7fc0 cxxbridge1$str$ptr + 2473268\n7   chromedriver                        0x00000001028ab22c cxxbridge1$str$ptr + 2486176\n8   chromedriver                        0x0000000102889a08 cxxbridge1$str$ptr + 2348924\n9   chromedriver                        0x00000001028abae8 cxxbridge1$str$ptr + 2488412\n10  chromedriver                        0x000000010287aa98 cxxbridge1$str$ptr + 2287628\n11  chromedriver                        0x00000001028cb9d8 cxxbridge1$str$ptr + 2619212\n12  chromedriver                        0x00000001028cbb64 cxxbridge1$str$ptr + 2619608\n13  chromedriver                        0x00000001028dc9e8 cxxbridge1$str$ptr + 2688860\n14  libsystem_pthread.dylib             0x00000001997dfc0c _pthread_start + 136\n15  libsystem_pthread.dylib             0x00000001997dab80 thread_start + 8","children":[{"name":"test_ods_contacts_module","uid":"9d6c98111e17c061","parentUid":"a42e66d2285843d860059b897c74bd9a","status":"broken","time":{"start":1754526579429,"stop":1754526601591,"duration":22162},"flaky":false,"newFailed":false,"newPassed":false,"newBroken":false,"retriesCount":0,"retriesStatusChange":false,"parameters":[],"tags":[]}],"uid":"a42e66d2285843d860059b897c74bd9a"},{"name":"selenium.common.exceptions.TimeoutException: Message: \nStacktrace:\n0   chromedriver                        0x0000000104bfcea4 cxxbridge1$str$ptr + 2722840\n1   chromedriver                        0x0000000104bf4dac cxxbridge1$str$ptr + 2689824\n2   chromedriver                        0x00000001047463ec cxxbridge1$string$len + 90648\n3   chromedriver                        0x000000010478d544 cxxbridge1$string$len + 381808\n4   chromedriver                        0x00000001047ce934 cxxbridge1$string$len + 649056\n5   chromedriver                        0x0000000104781834 cxxbridge1$string$len + 333408\n6   chromedriver                        0x0000000104bbffc0 cxxbridge1$str$ptr + 2473268\n7   chromedriver                        0x0000000104bc322c cxxbridge1$str$ptr + 2486176\n8   chromedriver                        0x0000000104ba1a08 cxxbridge1$str$ptr + 2348924\n9   chromedriver                        0x0000000104bc3ae8 cxxbridge1$str$ptr + 2488412\n10  chromedriver                        0x0000000104b92a98 cxxbridge1$str$ptr + 2287628\n11  chromedriver                        0x0000000104be39d8 cxxbridge1$str$ptr + 2619212\n12  chromedriver                        0x0000000104be3b64 cxxbridge1$str$ptr + 2619608\n13  chromedriver                        0x0000000104bf49e8 cxxbridge1$str$ptr + 2688860\n14  libsystem_pthread.dylib             0x00000001997dfc0c _pthread_start + 136\n15  libsystem_pthread.dylib             0x00000001997dab80 thread_start + 8","children":[{"name":"test_ods_docusign_module","uid":"ff16d5e577bf4e37","parentUid":"0671cbd0734f1f9197bdac467c8552de","status":"broken","time":{"start":1754526602405,"stop":1754526630299,"duration":27894},"flaky":false,"newFailed":false,"newPassed":false,"newBroken":false,"retriesCount":0,"retriesStatusChange":false,"parameters":[],"tags":[]}],"uid":"0671cbd0734f1f9197bdac467c8552de"},{"name":"selenium.common.exceptions.NoSuchElementException: Message: no such element: Unable to locate element: {\"method\":\"xpath\",\"selector\":\"//span[@class='slds-truncate']//span[contains(text(),'DocuSign Envelope Recipients')]\"}\n  (Session info: chrome=138.0.7204.184); For documentation on this error, please visit: https://www.selenium.dev/documentation/webdriver/troubleshooting/errors#nosuchelementexception\nStacktrace:\n0   chromedriver                        0x0000000100ac8ea4 cxxbridge1$str$ptr + 2722840\n1   chromedriver                        0x0000000100ac0dac cxxbridge1$str$ptr + 2689824\n2   chromedriver                        0x00000001006123ec cxxbridge1$string$len + 90648\n3   chromedriver                        0x0000000100659544 cxxbridge1$string$len + 381808\n4   chromedriver                        0x000000010069a934 cxxbridge1$string$len + 649056\n5   chromedriver                        0x000000010064d834 cxxbridge1$string$len + 333408\n6   chromedriver                        0x0000000100a8bfc0 cxxbridge1$str$ptr + 2473268\n7   chromedriver                        0x0000000100a8f22c cxxbridge1$str$ptr + 2486176\n8   chromedriver                        0x0000000100a6da08 cxxbridge1$str$ptr + 2348924\n9   chromedriver                        0x0000000100a8fae8 cxxbridge1$str$ptr + 2488412\n10  chromedriver                        0x0000000100a5ea98 cxxbridge1$str$ptr + 2287628\n11  chromedriver                        0x0000000100aaf9d8 cxxbridge1$str$ptr + 2619212\n12  chromedriver                        0x0000000100aafb64 cxxbridge1$str$ptr + 2619608\n13  chromedriver                        0x0000000100ac09e8 cxxbridge1$str$ptr + 2688860\n14  libsystem_pthread.dylib             0x00000001997dfc0c _pthread_start + 136\n15  libsystem_pthread.dylib             0x00000001997dab80 thread_start + 8","children":[{"name":"test_ods_homepage_dashboard","uid":"32cab3a58002fff3","parentUid":"b3997a0e69e0b3ec76ad04eb83b236a6","status":"broken","time":{"start":1754526631062,"stop":1754526641092,"duration":10030},"flaky":false,"newFailed":false,"newPassed":false,"newBroken":false,"retriesCount":0,"retriesStatusChange":false,"parameters":[],"tags":[]}],"uid":"b3997a0e69e0b3ec76ad04eb83b236a6"},{"name":"selenium.common.exceptions.NoSuchElementException: Message: no such element: Unable to locate element: {\"method\":\"css selector\",\"selector\":\"div[class='slds-global-header__item'] div[class='slds-global-header__logo']\"}\n  (Session info: chrome=138.0.7204.184); For documentation on this error, please visit: https://www.selenium.dev/documentation/webdriver/troubleshooting/errors#nosuchelementexception\nStacktrace:\n0   chromedriver                        0x0000000104f0cea4 cxxbridge1$str$ptr + 2722840\n1   chromedriver                        0x0000000104f04dac cxxbridge1$str$ptr + 2689824\n2   chromedriver                        0x0000000104a563ec cxxbridge1$string$len + 90648\n3   chromedriver                        0x0000000104a9d544 cxxbridge1$string$len + 381808\n4   chromedriver                        0x0000000104ade934 cxxbridge1$string$len + 649056\n5   chromedriver                        0x0000000104a91834 cxxbridge1$string$len + 333408\n6   chromedriver                        0x0000000104ecffc0 cxxbridge1$str$ptr + 2473268\n7   chromedriver                        0x0000000104ed322c cxxbridge1$str$ptr + 2486176\n8   chromedriver                        0x0000000104eb1a08 cxxbridge1$str$ptr + 2348924\n9   chromedriver                        0x0000000104ed3ae8 cxxbridge1$str$ptr + 2488412\n10  chromedriver                        0x0000000104ea2a98 cxxbridge1$str$ptr + 2287628\n11  chromedriver                        0x0000000104ef39d8 cxxbridge1$str$ptr + 2619212\n12  chromedriver                        0x0000000104ef3b64 cxxbridge1$str$ptr + 2619608\n13  chromedriver                        0x0000000104f049e8 cxxbridge1$str$ptr + 2688860\n14  libsystem_pthread.dylib             0x00000001997dfc0c _pthread_start + 136\n15  libsystem_pthread.dylib             0x00000001997dab80 thread_start + 8","children":[{"name":"test_ods_login_logout","uid":"661fd69f61353261","parentUid":"48eabe097df914b6cf7ac14ea50f98ba","status":"broken","time":{"start":1754526641834,"stop":1754526665891,"duration":24057},"flaky":false,"newFailed":false,"newPassed":false,"newBroken":false,"retriesCount":0,"retriesStatusChange":false,"parameters":[],"tags":[]}],"uid":"48eabe097df914b6cf7ac14ea50f98ba"},{"name":"selenium.common.exceptions.TimeoutException: Message: \nStacktrace:\n0   chromedriver                        0x0000000104858ea4 cxxbridge1$str$ptr + 2722840\n1   chromedriver                        0x0000000104850dac cxxbridge1$str$ptr + 2689824\n2   chromedriver                        0x00000001043a23ec cxxbridge1$string$len + 90648\n3   chromedriver                        0x00000001043e9544 cxxbridge1$string$len + 381808\n4   chromedriver                        0x000000010442a934 cxxbridge1$string$len + 649056\n5   chromedriver                        0x00000001043dd834 cxxbridge1$string$len + 333408\n6   chromedriver                        0x000000010481bfc0 cxxbridge1$str$ptr + 2473268\n7   chromedriver                        0x000000010481f22c cxxbridge1$str$ptr + 2486176\n8   chromedriver                        0x00000001047fda08 cxxbridge1$str$ptr + 2348924\n9   chromedriver                        0x000000010481fae8 cxxbridge1$str$ptr + 2488412\n10  chromedriver                        0x00000001047eea98 cxxbridge1$str$ptr + 2287628\n11  chromedriver                        0x000000010483f9d8 cxxbridge1$str$ptr + 2619212\n12  chromedriver                        0x000000010483fb64 cxxbridge1$str$ptr + 2619608\n13  chromedriver                        0x00000001048509e8 cxxbridge1$str$ptr + 2688860\n14  libsystem_pthread.dylib             0x00000001997dfc0c _pthread_start + 136\n15  libsystem_pthread.dylib             0x00000001997dab80 thread_start + 8","children":[{"name":"test_ods_people_module","uid":"13b84b46b4fe4bcc","parentUid":"116356462454fc741c653175b2816f98","status":"broken","time":{"start":1754526666831,"stop":1754526694373,"duration":27542},"flaky":false,"newFailed":false,"newPassed":false,"newBroken":false,"retriesCount":0,"retriesStatusChange":false,"parameters":[],"tags":[]}],"uid":"116356462454fc741c653175b2816f98"},{"name":"selenium.common.exceptions.TimeoutException: Message: \nStacktrace:\n0   chromedriver                        0x0000000104c2cea4 cxxbridge1$str$ptr + 2722840\n1   chromedriver                        0x0000000104c24dac cxxbridge1$str$ptr + 2689824\n2   chromedriver                        0x00000001047763ec cxxbridge1$string$len + 90648\n3   chromedriver                        0x00000001047bd544 cxxbridge1$string$len + 381808\n4   chromedriver                        0x00000001047fe934 cxxbridge1$string$len + 649056\n5   chromedriver                        0x00000001047b1834 cxxbridge1$string$len + 333408\n6   chromedriver                        0x0000000104beffc0 cxxbridge1$str$ptr + 2473268\n7   chromedriver                        0x0000000104bf322c cxxbridge1$str$ptr + 2486176\n8   chromedriver                        0x0000000104bd1a08 cxxbridge1$str$ptr + 2348924\n9   chromedriver                        0x0000000104bf3ae8 cxxbridge1$str$ptr + 2488412\n10  chromedriver                        0x0000000104bc2a98 cxxbridge1$str$ptr + 2287628\n11  chromedriver                        0x0000000104c139d8 cxxbridge1$str$ptr + 2619212\n12  chromedriver                        0x0000000104c13b64 cxxbridge1$str$ptr + 2619608\n13  chromedriver                        0x0000000104c249e8 cxxbridge1$str$ptr + 2688860\n14  libsystem_pthread.dylib             0x00000001997dfc0c _pthread_start + 136\n15  libsystem_pthread.dylib             0x00000001997dab80 thread_start + 8","children":[{"name":"test_ods_referrals_module","uid":"71caec0008913d39","parentUid":"c1cda9bb99323e119cd81aa775fb0ba5","status":"broken","time":{"start":1754526712013,"stop":1754526740411,"duration":28398},"flaky":false,"newFailed":false,"newPassed":false,"newBroken":false,"retriesCount":0,"retriesStatusChange":false,"parameters":[],"tags":[]}],"uid":"c1cda9bb99323e119cd81aa775fb0ba5"},{"name":"selenium.common.exceptions.TimeoutException: Message: \nStacktrace:\n0   chromedriver                        0x0000000103258ea4 cxxbridge1$str$ptr + 2722840\n1   chromedriver                        0x0000000103250dac cxxbridge1$str$ptr + 2689824\n2   chromedriver                        0x0000000102da23ec cxxbridge1$string$len + 90648\n3   chromedriver                        0x0000000102de9544 cxxbridge1$string$len + 381808\n4   chromedriver                        0x0000000102e2a934 cxxbridge1$string$len + 649056\n5   chromedriver                        0x0000000102ddd834 cxxbridge1$string$len + 333408\n6   chromedriver                        0x000000010321bfc0 cxxbridge1$str$ptr + 2473268\n7   chromedriver                        0x000000010321f22c cxxbridge1$str$ptr + 2486176\n8   chromedriver                        0x00000001031fda08 cxxbridge1$str$ptr + 2348924\n9   chromedriver                        0x000000010321fae8 cxxbridge1$str$ptr + 2488412\n10  chromedriver                        0x00000001031eea98 cxxbridge1$str$ptr + 2287628\n11  chromedriver                        0x000000010323f9d8 cxxbridge1$str$ptr + 2619212\n12  chromedriver                        0x000000010323fb64 cxxbridge1$str$ptr + 2619608\n13  chromedriver                        0x00000001032509e8 cxxbridge1$str$ptr + 2688860\n14  libsystem_pthread.dylib             0x00000001997dfc0c _pthread_start + 136\n15  libsystem_pthread.dylib             0x00000001997dab80 thread_start + 8","children":[{"name":"test_units_available_module","uid":"c07a5bbe082f8fce","parentUid":"e7be70123e5e830eb175101992607161","status":"broken","time":{"start":1754526824060,"stop":1754526852822,"duration":28762},"flaky":false,"newFailed":false,"newPassed":false,"newBroken":false,"retriesCount":0,"retriesStatusChange":false,"parameters":[],"tags":[]}],"uid":"e7be70123e5e830eb175101992607161"}],"uid":"bdbf199525818fae7a8651db9eafe741"}]}