{"uid":"6ac5af2647e131a7","name":"test_ods_referrals_module","fullName":"tests.test_ods_referrals_module#test_ods_referrals_module","historyId":"298e4d78d80e95a4014cd57d9374ac0f","time":{"start":1752503250057,"stop":1752503299656,"duration":49599},"description":"\n    Test the Referrals module for correct login, navigation, and referral editing.\n    ","descriptionHtml":"<pre><code>Test the Referrals module for correct login, navigation, and referral editing.\n</code></pre>\n","status":"broken","statusMessage":"selenium.common.exceptions.TimeoutException: Message: \nStacktrace:\n0   chromedriver                        0x0000000102c30ea4 cxxbridge1$str$ptr + 2722840\n1   chromedriver                        0x0000000102c28dac cxxbridge1$str$ptr + 2689824\n2   chromedriver                        0x000000010277a3ec cxxbridge1$string$len + 90648\n3   chromedriver                        0x00000001027c1544 cxxbridge1$string$len + 381808\n4   chromedriver                        0x0000000102802934 cxxbridge1$string$len + 649056\n5   chromedriver                        0x00000001027b5834 cxxbridge1$string$len + 333408\n6   chromedriver                        0x0000000102bf3fc0 cxxbridge1$str$ptr + 2473268\n7   chromedriver                        0x0000000102bf722c cxxbridge1$str$ptr + 2486176\n8   chromedriver                        0x0000000102bd5a08 cxxbridge1$str$ptr + 2348924\n9   chromedriver                        0x0000000102bf7ae8 cxxbridge1$str$ptr + 2488412\n10  chromedriver                        0x0000000102bc6a98 cxxbridge1$str$ptr + 2287628\n11  chromedriver                        0x0000000102c179d8 cxxbridge1$str$ptr + 2619212\n12  chromedriver                        0x0000000102c17b64 cxxbridge1$str$ptr + 2619608\n13  chromedriver                        0x0000000102c289e8 cxxbridge1$str$ptr + 2688860\n14  libsystem_pthread.dylib             0x000000019350ec0c _pthread_start + 136\n15  libsystem_pthread.dylib             0x0000000193509b80 thread_start + 8","statusTrace":"driver = <selenium.webdriver.chrome.webdriver.WebDriver (session=\"00a75f7e60f57f7c1169244824238a62\")>\n\n    def test_ods_referrals_module(driver):\n        \"\"\"\n        Test the Referrals module for correct login, navigation, and referral editing.\n        \"\"\"\n    \n        driver.get(\"https://opendoors--qa.sandbox.my.salesforce.com\")\n        driver.maximize_window()\n        wait = WebDriverWait(driver, 15)\n    \n        # Step 1: Login\n        wait.until(ec.visibility_of_element_located((By.CSS_SELECTOR, \"#logo\")))\n        driver.find_element(By.CSS_SELECTOR, \"#username\").send_keys(\"udeme@opendoorsatl.org.qa\")\n        driver.find_element(By.CSS_SELECTOR, \"#password\").send_keys(\"1Gconnect!\")\n        driver.find_element(By.CSS_SELECTOR, \"#Login\").click()\n    \n        # Step 2: Home Page\n        driver.find_element(By.CSS_SELECTOR, \"div[class='slds-global-header__item'] div[class='slds-global-header__logo']\")\n        wait.until(ec.visibility_of_element_located((By.XPATH, \"/html/body/div[4]/div[1]/section/div[1]/div[1]/one-appnav/div/div/div/h1/span\")))\n    \n        # Step 3: Referral Tab\n        wait.until(ec.element_to_be_clickable((By.CSS_SELECTOR, 'a[href=\"/lightning/o/Case/home\"]'))).click()\n>       wait.until(ec.element_to_be_clickable((By.CSS_SELECTOR, \".slds-dropdown-trigger.slds-dropdown-trigger_click.lst-temp-slds-lineHeight > button\"))).click()\n\ntests/test_ods_referrals_module.py:27: \n_ _ _ _ _ _ _ _ _ _ _ _ _ _ _ _ _ _ _ _ _ _ _ _ _ _ _ _ _ _ _ _ _ _ _ _ _ _ _ _ _ _ _ _ _ _ _ _ _ _ _ _ _ _ _ _ _ _ _ _ _ _ _ _ _ _ _ _ _ _ _ _ _ _ _ _ _ _ _ _ _\n\nself = <selenium.webdriver.support.wait.WebDriverWait (session=\"00a75f7e60f57f7c1169244824238a62\")>\nmethod = <function element_to_be_clickable.<locals>._predicate at 0x10248a8b0>, message = ''\n\n    def until(self, method: Callable[[D], Union[Literal[False], T]], message: str = \"\") -> T:\n        \"\"\"Wait until the method returns a value that is not False.\n    \n        Calls the method provided with the driver as an argument until the\n        return value does not evaluate to ``False``.\n    \n        Parameters:\n        -----------\n        method: callable(WebDriver)\n            - A callable object that takes a WebDriver instance as an argument.\n    \n        message: str\n            - Optional message for :exc:`TimeoutException`\n    \n        Return:\n        -------\n        object: T\n            - The result of the last call to `method`\n    \n        Raises:\n        -------\n        TimeoutException\n            - If 'method' does not return a truthy value within the WebDriverWait\n            object's timeout\n    \n        Example:\n        --------\n        >>> from selenium.webdriver.common.by import By\n        >>> from selenium.webdriver.support.ui import WebDriverWait\n        >>> from selenium.webdriver.support import expected_conditions as EC\n    \n        # Wait until an element is visible on the page\n        >>> wait = WebDriverWait(driver, 10)\n        >>> element = wait.until(EC.visibility_of_element_located((By.ID, \"exampleId\")))\n        >>> print(element.text)\n        \"\"\"\n        screen = None\n        stacktrace = None\n    \n        end_time = time.monotonic() + self._timeout\n        while True:\n            try:\n                value = method(self._driver)\n                if value:\n                    return value\n            except self._ignored_exceptions as exc:\n                screen = getattr(exc, \"screen\", None)\n                stacktrace = getattr(exc, \"stacktrace\", None)\n            if time.monotonic() > end_time:\n                break\n            time.sleep(self._poll)\n>       raise TimeoutException(message, screen, stacktrace)\nE       selenium.common.exceptions.TimeoutException: Message: \nE       Stacktrace:\nE       0   chromedriver                        0x0000000102c30ea4 cxxbridge1$str$ptr + 2722840\nE       1   chromedriver                        0x0000000102c28dac cxxbridge1$str$ptr + 2689824\nE       2   chromedriver                        0x000000010277a3ec cxxbridge1$string$len + 90648\nE       3   chromedriver                        0x00000001027c1544 cxxbridge1$string$len + 381808\nE       4   chromedriver                        0x0000000102802934 cxxbridge1$string$len + 649056\nE       5   chromedriver                        0x00000001027b5834 cxxbridge1$string$len + 333408\nE       6   chromedriver                        0x0000000102bf3fc0 cxxbridge1$str$ptr + 2473268\nE       7   chromedriver                        0x0000000102bf722c cxxbridge1$str$ptr + 2486176\nE       8   chromedriver                        0x0000000102bd5a08 cxxbridge1$str$ptr + 2348924\nE       9   chromedriver                        0x0000000102bf7ae8 cxxbridge1$str$ptr + 2488412\nE       10  chromedriver                        0x0000000102bc6a98 cxxbridge1$str$ptr + 2287628\nE       11  chromedriver                        0x0000000102c179d8 cxxbridge1$str$ptr + 2619212\nE       12  chromedriver                        0x0000000102c17b64 cxxbridge1$str$ptr + 2619608\nE       13  chromedriver                        0x0000000102c289e8 cxxbridge1$str$ptr + 2688860\nE       14  libsystem_pthread.dylib             0x000000019350ec0c _pthread_start + 136\nE       15  libsystem_pthread.dylib             0x0000000193509b80 thread_start + 8\n\n../../Library/Python/3.9/lib/python/site-packages/selenium/webdriver/support/wait.py:138: TimeoutException","flaky":false,"newFailed":false,"newBroken":false,"newPassed":false,"retriesCount":0,"retriesStatusChange":false,"beforeStages":[{"name":"_session_faker","time":{"start":1752502946783,"stop":1752502946807,"duration":24},"status":"passed","steps":[],"attachments":[],"parameters":[],"stepsCount":0,"shouldDisplayMessage":false,"attachmentsCount":0,"hasContent":false,"attachmentStep":false},{"name":"driver","time":{"start":1752503249553,"stop":1752503250056,"duration":503},"status":"passed","steps":[],"attachments":[],"parameters":[],"stepsCount":0,"shouldDisplayMessage":false,"attachmentsCount":0,"hasContent":false,"attachmentStep":false}],"testStage":{"description":"\n    Test the Referrals module for correct login, navigation, and referral editing.\n    ","status":"broken","statusMessage":"selenium.common.exceptions.TimeoutException: Message: \nStacktrace:\n0   chromedriver                        0x0000000102c30ea4 cxxbridge1$str$ptr + 2722840\n1   chromedriver                        0x0000000102c28dac cxxbridge1$str$ptr + 2689824\n2   chromedriver                        0x000000010277a3ec cxxbridge1$string$len + 90648\n3   chromedriver                        0x00000001027c1544 cxxbridge1$string$len + 381808\n4   chromedriver                        0x0000000102802934 cxxbridge1$string$len + 649056\n5   chromedriver                        0x00000001027b5834 cxxbridge1$string$len + 333408\n6   chromedriver                        0x0000000102bf3fc0 cxxbridge1$str$ptr + 2473268\n7   chromedriver                        0x0000000102bf722c cxxbridge1$str$ptr + 2486176\n8   chromedriver                        0x0000000102bd5a08 cxxbridge1$str$ptr + 2348924\n9   chromedriver                        0x0000000102bf7ae8 cxxbridge1$str$ptr + 2488412\n10  chromedriver                        0x0000000102bc6a98 cxxbridge1$str$ptr + 2287628\n11  chromedriver                        0x0000000102c179d8 cxxbridge1$str$ptr + 2619212\n12  chromedriver                        0x0000000102c17b64 cxxbridge1$str$ptr + 2619608\n13  chromedriver                        0x0000000102c289e8 cxxbridge1$str$ptr + 2688860\n14  libsystem_pthread.dylib             0x000000019350ec0c _pthread_start + 136\n15  libsystem_pthread.dylib             0x0000000193509b80 thread_start + 8","statusTrace":"driver = <selenium.webdriver.chrome.webdriver.WebDriver (session=\"00a75f7e60f57f7c1169244824238a62\")>\n\n    def test_ods_referrals_module(driver):\n        \"\"\"\n        Test the Referrals module for correct login, navigation, and referral editing.\n        \"\"\"\n    \n        driver.get(\"https://opendoors--qa.sandbox.my.salesforce.com\")\n        driver.maximize_window()\n        wait = WebDriverWait(driver, 15)\n    \n        # Step 1: Login\n        wait.until(ec.visibility_of_element_located((By.CSS_SELECTOR, \"#logo\")))\n        driver.find_element(By.CSS_SELECTOR, \"#username\").send_keys(\"udeme@opendoorsatl.org.qa\")\n        driver.find_element(By.CSS_SELECTOR, \"#password\").send_keys(\"1Gconnect!\")\n        driver.find_element(By.CSS_SELECTOR, \"#Login\").click()\n    \n        # Step 2: Home Page\n        driver.find_element(By.CSS_SELECTOR, \"div[class='slds-global-header__item'] div[class='slds-global-header__logo']\")\n        wait.until(ec.visibility_of_element_located((By.XPATH, \"/html/body/div[4]/div[1]/section/div[1]/div[1]/one-appnav/div/div/div/h1/span\")))\n    \n        # Step 3: Referral Tab\n        wait.until(ec.element_to_be_clickable((By.CSS_SELECTOR, 'a[href=\"/lightning/o/Case/home\"]'))).click()\n>       wait.until(ec.element_to_be_clickable((By.CSS_SELECTOR, \".slds-dropdown-trigger.slds-dropdown-trigger_click.lst-temp-slds-lineHeight > button\"))).click()\n\ntests/test_ods_referrals_module.py:27: \n_ _ _ _ _ _ _ _ _ _ _ _ _ _ _ _ _ _ _ _ _ _ _ _ _ _ _ _ _ _ _ _ _ _ _ _ _ _ _ _ _ _ _ _ _ _ _ _ _ _ _ _ _ _ _ _ _ _ _ _ _ _ _ _ _ _ _ _ _ _ _ _ _ _ _ _ _ _ _ _ _\n\nself = <selenium.webdriver.support.wait.WebDriverWait (session=\"00a75f7e60f57f7c1169244824238a62\")>\nmethod = <function element_to_be_clickable.<locals>._predicate at 0x10248a8b0>, message = ''\n\n    def until(self, method: Callable[[D], Union[Literal[False], T]], message: str = \"\") -> T:\n        \"\"\"Wait until the method returns a value that is not False.\n    \n        Calls the method provided with the driver as an argument until the\n        return value does not evaluate to ``False``.\n    \n        Parameters:\n        -----------\n        method: callable(WebDriver)\n            - A callable object that takes a WebDriver instance as an argument.\n    \n        message: str\n            - Optional message for :exc:`TimeoutException`\n    \n        Return:\n        -------\n        object: T\n            - The result of the last call to `method`\n    \n        Raises:\n        -------\n        TimeoutException\n            - If 'method' does not return a truthy value within the WebDriverWait\n            object's timeout\n    \n        Example:\n        --------\n        >>> from selenium.webdriver.common.by import By\n        >>> from selenium.webdriver.support.ui import WebDriverWait\n        >>> from selenium.webdriver.support import expected_conditions as EC\n    \n        # Wait until an element is visible on the page\n        >>> wait = WebDriverWait(driver, 10)\n        >>> element = wait.until(EC.visibility_of_element_located((By.ID, \"exampleId\")))\n        >>> print(element.text)\n        \"\"\"\n        screen = None\n        stacktrace = None\n    \n        end_time = time.monotonic() + self._timeout\n        while True:\n            try:\n                value = method(self._driver)\n                if value:\n                    return value\n            except self._ignored_exceptions as exc:\n                screen = getattr(exc, \"screen\", None)\n                stacktrace = getattr(exc, \"stacktrace\", None)\n            if time.monotonic() > end_time:\n                break\n            time.sleep(self._poll)\n>       raise TimeoutException(message, screen, stacktrace)\nE       selenium.common.exceptions.TimeoutException: Message: \nE       Stacktrace:\nE       0   chromedriver                        0x0000000102c30ea4 cxxbridge1$str$ptr + 2722840\nE       1   chromedriver                        0x0000000102c28dac cxxbridge1$str$ptr + 2689824\nE       2   chromedriver                        0x000000010277a3ec cxxbridge1$string$len + 90648\nE       3   chromedriver                        0x00000001027c1544 cxxbridge1$string$len + 381808\nE       4   chromedriver                        0x0000000102802934 cxxbridge1$string$len + 649056\nE       5   chromedriver                        0x00000001027b5834 cxxbridge1$string$len + 333408\nE       6   chromedriver                        0x0000000102bf3fc0 cxxbridge1$str$ptr + 2473268\nE       7   chromedriver                        0x0000000102bf722c cxxbridge1$str$ptr + 2486176\nE       8   chromedriver                        0x0000000102bd5a08 cxxbridge1$str$ptr + 2348924\nE       9   chromedriver                        0x0000000102bf7ae8 cxxbridge1$str$ptr + 2488412\nE       10  chromedriver                        0x0000000102bc6a98 cxxbridge1$str$ptr + 2287628\nE       11  chromedriver                        0x0000000102c179d8 cxxbridge1$str$ptr + 2619212\nE       12  chromedriver                        0x0000000102c17b64 cxxbridge1$str$ptr + 2619608\nE       13  chromedriver                        0x0000000102c289e8 cxxbridge1$str$ptr + 2688860\nE       14  libsystem_pthread.dylib             0x000000019350ec0c _pthread_start + 136\nE       15  libsystem_pthread.dylib             0x0000000193509b80 thread_start + 8\n\n../../Library/Python/3.9/lib/python/site-packages/selenium/webdriver/support/wait.py:138: TimeoutException","steps":[],"attachments":[{"uid":"b9828f1eba3e5b18","name":"test_ods_referrals_module_screenshot","source":"b9828f1eba3e5b18.png","type":"image/png","size":66525},{"uid":"96546f2f46681b78","name":"test_ods_referrals_module_html","source":"96546f2f46681b78.html","type":"text/html","size":621084}],"parameters":[],"stepsCount":0,"shouldDisplayMessage":true,"attachmentsCount":2,"hasContent":true,"attachmentStep":false},"afterStages":[{"name":"driver::0","time":{"start":1752503299776,"stop":1752503299875,"duration":99},"status":"passed","steps":[],"attachments":[],"parameters":[],"stepsCount":0,"shouldDisplayMessage":false,"attachmentsCount":0,"hasContent":false,"attachmentStep":false}],"labels":[{"name":"parentSuite","value":"tests"},{"name":"suite","value":"test_ods_referrals_module"},{"name":"host","value":"MacBookPro"},{"name":"thread","value":"32575-MainThread"},{"name":"framework","value":"pytest"},{"name":"language","value":"cpython3"},{"name":"package","value":"tests.test_ods_referrals_module"},{"name":"resultFormat","value":"allure2"}],"parameters":[],"links":[],"hidden":false,"retry":false,"extra":{"severity":"normal","retries":[],"categories":[{"name":"Test defects","matchedStatuses":[]}],"tags":[]},"source":"6ac5af2647e131a7.json","parameterValues":[]}