{"uid":"c7797e150afcfafa","name":"test_casemanager_login_logout","fullName":"tests.test_casemanager_login_logout#test_casemanager_login_logout","historyId":"0ca300ee27fe1c9df20b153d2651d5cd","time":{"start":1754526434766,"stop":1754526439113,"duration":4347},"description":"\n    Test login and logout functionality for the Case Manager portal.\n    ","descriptionHtml":"<pre><code>Test login and logout functionality for the Case Manager portal.\n</code></pre>\n","status":"broken","statusMessage":"selenium.common.exceptions.NoSuchElementException: Message: no such element: Unable to locate element: {\"method\":\"css selector\",\"selector\":\"img[alt='Open Doors Community']\"}\n  (Session info: chrome=138.0.7204.184); For documentation on this error, please visit: https://www.selenium.dev/documentation/webdriver/troubleshooting/errors#nosuchelementexception\nStacktrace:\n0   chromedriver                        0x0000000104bc0ea4 cxxbridge1$str$ptr + 2722840\n1   chromedriver                        0x0000000104bb8dac cxxbridge1$str$ptr + 2689824\n2   chromedriver                        0x000000010470a3ec cxxbridge1$string$len + 90648\n3   chromedriver                        0x0000000104751544 cxxbridge1$string$len + 381808\n4   chromedriver                        0x0000000104792934 cxxbridge1$string$len + 649056\n5   chromedriver                        0x0000000104745834 cxxbridge1$string$len + 333408\n6   chromedriver                        0x0000000104b83fc0 cxxbridge1$str$ptr + 2473268\n7   chromedriver                        0x0000000104b8722c cxxbridge1$str$ptr + 2486176\n8   chromedriver                        0x0000000104b65a08 cxxbridge1$str$ptr + 2348924\n9   chromedriver                        0x0000000104b87ae8 cxxbridge1$str$ptr + 2488412\n10  chromedriver                        0x0000000104b56a98 cxxbridge1$str$ptr + 2287628\n11  chromedriver                        0x0000000104ba79d8 cxxbridge1$str$ptr + 2619212\n12  chromedriver                        0x0000000104ba7b64 cxxbridge1$str$ptr + 2619608\n13  chromedriver                        0x0000000104bb89e8 cxxbridge1$str$ptr + 2688860\n14  libsystem_pthread.dylib             0x00000001997dfc0c _pthread_start + 136\n15  libsystem_pthread.dylib             0x00000001997dab80 thread_start + 8","statusTrace":"driver = <selenium.webdriver.chrome.webdriver.WebDriver (session=\"651df957c48f5750001774a1bb0c2ce4\")>\n\n    @pytest.mark.usefixtures(\"driver\")\n    def test_casemanager_login_logout(driver):\n        \"\"\"\n        Test login and logout functionality for the Case Manager portal.\n        \"\"\"\n        driver.get(\"https://community-qa.opendoorsatl.org\")\n        driver.maximize_window()\n        action = ActionChains(driver)\n        wait = WebDriverWait(driver, 15)\n    \n>       opdLogo = driver.find_element(By.CSS_SELECTOR, \"img[alt='Open Doors Community']\")\n\ntests/test_casemanager_login_logout.py:19: \n_ _ _ _ _ _ _ _ _ _ _ _ _ _ _ _ _ _ _ _ _ _ _ _ _ _ _ _ _ _ _ _ _ _ _ _ _ _ _ _ _ _ _ _ _ _ _ _ _ _ _ _ _ _ _ _ _ _ _ _ _ _ _ _ _ _ _ _ _ _ _ _ _ _ _ _ _ _ _ _ _\nvenv/lib/python3.9/site-packages/selenium/webdriver/remote/webdriver.py:922: in find_element\n    return self.execute(Command.FIND_ELEMENT, {\"using\": by, \"value\": value})[\"value\"]\nvenv/lib/python3.9/site-packages/selenium/webdriver/remote/webdriver.py:454: in execute\n    self.error_handler.check_response(response)\n_ _ _ _ _ _ _ _ _ _ _ _ _ _ _ _ _ _ _ _ _ _ _ _ _ _ _ _ _ _ _ _ _ _ _ _ _ _ _ _ _ _ _ _ _ _ _ _ _ _ _ _ _ _ _ _ _ _ _ _ _ _ _ _ _ _ _ _ _ _ _ _ _ _ _ _ _ _ _ _ _\n\nself = <selenium.webdriver.remote.errorhandler.ErrorHandler object at 0x1083c03d0>\nresponse = {'status': 404, 'value': '{\"value\":{\"error\":\"no such element\",\"message\":\"no such element: Unable to locate element: {\\...0001997dfc0c _pthread_start + 136\\\\n15  libsystem_pthread.dylib             0x00000001997dab80 thread_start + 8\\\\n\"}}'}\n\n    def check_response(self, response: dict[str, Any]) -> None:\n        \"\"\"Checks that a JSON response from the WebDriver does not have an\n        error.\n    \n        :Args:\n         - response - The JSON response from the WebDriver server as a dictionary\n           object.\n    \n        :Raises: If the response contains an error message.\n        \"\"\"\n        status = response.get(\"status\", None)\n        if not status or status == ErrorCode.SUCCESS:\n            return\n        value = None\n        message = response.get(\"message\", \"\")\n        screen: str = response.get(\"screen\", \"\")\n        stacktrace = None\n        if isinstance(status, int):\n            value_json = response.get(\"value\", None)\n            if value_json and isinstance(value_json, str):\n                try:\n                    value = json.loads(value_json)\n                    if isinstance(value, dict):\n                        if len(value) == 1:\n                            value = value[\"value\"]\n                        status = value.get(\"error\", None)\n                        if not status:\n                            status = value.get(\"status\", ErrorCode.UNKNOWN_ERROR)\n                            message = value.get(\"value\") or value.get(\"message\")\n                            if not isinstance(message, str):\n                                value = message\n                                message = message.get(\"message\")\n                        else:\n                            message = value.get(\"message\", None)\n                except ValueError:\n                    pass\n    \n        exception_class: type[WebDriverException]\n        e = ErrorCode()\n        error_codes = [item for item in dir(e) if not item.startswith(\"__\")]\n        for error_code in error_codes:\n            error_info = getattr(ErrorCode, error_code)\n            if isinstance(error_info, list) and status in error_info:\n                exception_class = getattr(ExceptionMapping, error_code, WebDriverException)\n                break\n        else:\n            exception_class = WebDriverException\n    \n        if not value:\n            value = response[\"value\"]\n        if isinstance(value, str):\n            raise exception_class(value)\n        if message == \"\" and \"message\" in value:\n            message = value[\"message\"]\n    \n        screen = None  # type: ignore[assignment]\n        if \"screen\" in value:\n            screen = value[\"screen\"]\n    \n        stacktrace = None\n        st_value = value.get(\"stackTrace\") or value.get(\"stacktrace\")\n        if st_value:\n            if isinstance(st_value, str):\n                stacktrace = st_value.split(\"\\n\")\n            else:\n                stacktrace = []\n                try:\n                    for frame in st_value:\n                        line = frame.get(\"lineNumber\", \"\")\n                        file = frame.get(\"fileName\", \"<anonymous>\")\n                        if line:\n                            file = f\"{file}:{line}\"\n                        meth = frame.get(\"methodName\", \"<anonymous>\")\n                        if \"className\" in frame:\n                            meth = f\"{frame['className']}.{meth}\"\n                        msg = \"    at %s (%s)\"\n                        msg = msg % (meth, file)\n                        stacktrace.append(msg)\n                except TypeError:\n                    pass\n        if exception_class == UnexpectedAlertPresentException:\n            alert_text = None\n            if \"data\" in value:\n                alert_text = value[\"data\"].get(\"text\")\n            elif \"alert\" in value:\n                alert_text = value[\"alert\"].get(\"text\")\n            raise exception_class(message, screen, stacktrace, alert_text)  # type: ignore[call-arg]  # mypy is not smart enough here\n>       raise exception_class(message, screen, stacktrace)\nE       selenium.common.exceptions.NoSuchElementException: Message: no such element: Unable to locate element: {\"method\":\"css selector\",\"selector\":\"img[alt='Open Doors Community']\"}\nE         (Session info: chrome=138.0.7204.184); For documentation on this error, please visit: https://www.selenium.dev/documentation/webdriver/troubleshooting/errors#nosuchelementexception\nE       Stacktrace:\nE       0   chromedriver                        0x0000000104bc0ea4 cxxbridge1$str$ptr + 2722840\nE       1   chromedriver                        0x0000000104bb8dac cxxbridge1$str$ptr + 2689824\nE       2   chromedriver                        0x000000010470a3ec cxxbridge1$string$len + 90648\nE       3   chromedriver                        0x0000000104751544 cxxbridge1$string$len + 381808\nE       4   chromedriver                        0x0000000104792934 cxxbridge1$string$len + 649056\nE       5   chromedriver                        0x0000000104745834 cxxbridge1$string$len + 333408\nE       6   chromedriver                        0x0000000104b83fc0 cxxbridge1$str$ptr + 2473268\nE       7   chromedriver                        0x0000000104b8722c cxxbridge1$str$ptr + 2486176\nE       8   chromedriver                        0x0000000104b65a08 cxxbridge1$str$ptr + 2348924\nE       9   chromedriver                        0x0000000104b87ae8 cxxbridge1$str$ptr + 2488412\nE       10  chromedriver                        0x0000000104b56a98 cxxbridge1$str$ptr + 2287628\nE       11  chromedriver                        0x0000000104ba79d8 cxxbridge1$str$ptr + 2619212\nE       12  chromedriver                        0x0000000104ba7b64 cxxbridge1$str$ptr + 2619608\nE       13  chromedriver                        0x0000000104bb89e8 cxxbridge1$str$ptr + 2688860\nE       14  libsystem_pthread.dylib             0x00000001997dfc0c _pthread_start + 136\nE       15  libsystem_pthread.dylib             0x00000001997dab80 thread_start + 8\n\nvenv/lib/python3.9/site-packages/selenium/webdriver/remote/errorhandler.py:232: NoSuchElementException","flaky":false,"newFailed":false,"newBroken":false,"newPassed":false,"retriesCount":0,"retriesStatusChange":false,"beforeStages":[{"name":"_session_faker","time":{"start":1754526255199,"stop":1754526255211,"duration":12},"status":"passed","steps":[],"attachments":[],"parameters":[],"stepsCount":0,"shouldDisplayMessage":false,"attachmentsCount":0,"hasContent":false,"attachmentStep":false},{"name":"driver","time":{"start":1754526434292,"stop":1754526434766,"duration":474},"status":"passed","steps":[],"attachments":[],"parameters":[],"stepsCount":0,"shouldDisplayMessage":false,"attachmentsCount":0,"hasContent":false,"attachmentStep":false}],"testStage":{"description":"\n    Test login and logout functionality for the Case Manager portal.\n    ","status":"broken","statusMessage":"selenium.common.exceptions.NoSuchElementException: Message: no such element: Unable to locate element: {\"method\":\"css selector\",\"selector\":\"img[alt='Open Doors Community']\"}\n  (Session info: chrome=138.0.7204.184); For documentation on this error, please visit: https://www.selenium.dev/documentation/webdriver/troubleshooting/errors#nosuchelementexception\nStacktrace:\n0   chromedriver                        0x0000000104bc0ea4 cxxbridge1$str$ptr + 2722840\n1   chromedriver                        0x0000000104bb8dac cxxbridge1$str$ptr + 2689824\n2   chromedriver                        0x000000010470a3ec cxxbridge1$string$len + 90648\n3   chromedriver                        0x0000000104751544 cxxbridge1$string$len + 381808\n4   chromedriver                        0x0000000104792934 cxxbridge1$string$len + 649056\n5   chromedriver                        0x0000000104745834 cxxbridge1$string$len + 333408\n6   chromedriver                        0x0000000104b83fc0 cxxbridge1$str$ptr + 2473268\n7   chromedriver                        0x0000000104b8722c cxxbridge1$str$ptr + 2486176\n8   chromedriver                        0x0000000104b65a08 cxxbridge1$str$ptr + 2348924\n9   chromedriver                        0x0000000104b87ae8 cxxbridge1$str$ptr + 2488412\n10  chromedriver                        0x0000000104b56a98 cxxbridge1$str$ptr + 2287628\n11  chromedriver                        0x0000000104ba79d8 cxxbridge1$str$ptr + 2619212\n12  chromedriver                        0x0000000104ba7b64 cxxbridge1$str$ptr + 2619608\n13  chromedriver                        0x0000000104bb89e8 cxxbridge1$str$ptr + 2688860\n14  libsystem_pthread.dylib             0x00000001997dfc0c _pthread_start + 136\n15  libsystem_pthread.dylib             0x00000001997dab80 thread_start + 8","statusTrace":"driver = <selenium.webdriver.chrome.webdriver.WebDriver (session=\"651df957c48f5750001774a1bb0c2ce4\")>\n\n    @pytest.mark.usefixtures(\"driver\")\n    def test_casemanager_login_logout(driver):\n        \"\"\"\n        Test login and logout functionality for the Case Manager portal.\n        \"\"\"\n        driver.get(\"https://community-qa.opendoorsatl.org\")\n        driver.maximize_window()\n        action = ActionChains(driver)\n        wait = WebDriverWait(driver, 15)\n    \n>       opdLogo = driver.find_element(By.CSS_SELECTOR, \"img[alt='Open Doors Community']\")\n\ntests/test_casemanager_login_logout.py:19: \n_ _ _ _ _ _ _ _ _ _ _ _ _ _ _ _ _ _ _ _ _ _ _ _ _ _ _ _ _ _ _ _ _ _ _ _ _ _ _ _ _ _ _ _ _ _ _ _ _ _ _ _ _ _ _ _ _ _ _ _ _ _ _ _ _ _ _ _ _ _ _ _ _ _ _ _ _ _ _ _ _\nvenv/lib/python3.9/site-packages/selenium/webdriver/remote/webdriver.py:922: in find_element\n    return self.execute(Command.FIND_ELEMENT, {\"using\": by, \"value\": value})[\"value\"]\nvenv/lib/python3.9/site-packages/selenium/webdriver/remote/webdriver.py:454: in execute\n    self.error_handler.check_response(response)\n_ _ _ _ _ _ _ _ _ _ _ _ _ _ _ _ _ _ _ _ _ _ _ _ _ _ _ _ _ _ _ _ _ _ _ _ _ _ _ _ _ _ _ _ _ _ _ _ _ _ _ _ _ _ _ _ _ _ _ _ _ _ _ _ _ _ _ _ _ _ _ _ _ _ _ _ _ _ _ _ _\n\nself = <selenium.webdriver.remote.errorhandler.ErrorHandler object at 0x1083c03d0>\nresponse = {'status': 404, 'value': '{\"value\":{\"error\":\"no such element\",\"message\":\"no such element: Unable to locate element: {\\...0001997dfc0c _pthread_start + 136\\\\n15  libsystem_pthread.dylib             0x00000001997dab80 thread_start + 8\\\\n\"}}'}\n\n    def check_response(self, response: dict[str, Any]) -> None:\n        \"\"\"Checks that a JSON response from the WebDriver does not have an\n        error.\n    \n        :Args:\n         - response - The JSON response from the WebDriver server as a dictionary\n           object.\n    \n        :Raises: If the response contains an error message.\n        \"\"\"\n        status = response.get(\"status\", None)\n        if not status or status == ErrorCode.SUCCESS:\n            return\n        value = None\n        message = response.get(\"message\", \"\")\n        screen: str = response.get(\"screen\", \"\")\n        stacktrace = None\n        if isinstance(status, int):\n            value_json = response.get(\"value\", None)\n            if value_json and isinstance(value_json, str):\n                try:\n                    value = json.loads(value_json)\n                    if isinstance(value, dict):\n                        if len(value) == 1:\n                            value = value[\"value\"]\n                        status = value.get(\"error\", None)\n                        if not status:\n                            status = value.get(\"status\", ErrorCode.UNKNOWN_ERROR)\n                            message = value.get(\"value\") or value.get(\"message\")\n                            if not isinstance(message, str):\n                                value = message\n                                message = message.get(\"message\")\n                        else:\n                            message = value.get(\"message\", None)\n                except ValueError:\n                    pass\n    \n        exception_class: type[WebDriverException]\n        e = ErrorCode()\n        error_codes = [item for item in dir(e) if not item.startswith(\"__\")]\n        for error_code in error_codes:\n            error_info = getattr(ErrorCode, error_code)\n            if isinstance(error_info, list) and status in error_info:\n                exception_class = getattr(ExceptionMapping, error_code, WebDriverException)\n                break\n        else:\n            exception_class = WebDriverException\n    \n        if not value:\n            value = response[\"value\"]\n        if isinstance(value, str):\n            raise exception_class(value)\n        if message == \"\" and \"message\" in value:\n            message = value[\"message\"]\n    \n        screen = None  # type: ignore[assignment]\n        if \"screen\" in value:\n            screen = value[\"screen\"]\n    \n        stacktrace = None\n        st_value = value.get(\"stackTrace\") or value.get(\"stacktrace\")\n        if st_value:\n            if isinstance(st_value, str):\n                stacktrace = st_value.split(\"\\n\")\n            else:\n                stacktrace = []\n                try:\n                    for frame in st_value:\n                        line = frame.get(\"lineNumber\", \"\")\n                        file = frame.get(\"fileName\", \"<anonymous>\")\n                        if line:\n                            file = f\"{file}:{line}\"\n                        meth = frame.get(\"methodName\", \"<anonymous>\")\n                        if \"className\" in frame:\n                            meth = f\"{frame['className']}.{meth}\"\n                        msg = \"    at %s (%s)\"\n                        msg = msg % (meth, file)\n                        stacktrace.append(msg)\n                except TypeError:\n                    pass\n        if exception_class == UnexpectedAlertPresentException:\n            alert_text = None\n            if \"data\" in value:\n                alert_text = value[\"data\"].get(\"text\")\n            elif \"alert\" in value:\n                alert_text = value[\"alert\"].get(\"text\")\n            raise exception_class(message, screen, stacktrace, alert_text)  # type: ignore[call-arg]  # mypy is not smart enough here\n>       raise exception_class(message, screen, stacktrace)\nE       selenium.common.exceptions.NoSuchElementException: Message: no such element: Unable to locate element: {\"method\":\"css selector\",\"selector\":\"img[alt='Open Doors Community']\"}\nE         (Session info: chrome=138.0.7204.184); For documentation on this error, please visit: https://www.selenium.dev/documentation/webdriver/troubleshooting/errors#nosuchelementexception\nE       Stacktrace:\nE       0   chromedriver                        0x0000000104bc0ea4 cxxbridge1$str$ptr + 2722840\nE       1   chromedriver                        0x0000000104bb8dac cxxbridge1$str$ptr + 2689824\nE       2   chromedriver                        0x000000010470a3ec cxxbridge1$string$len + 90648\nE       3   chromedriver                        0x0000000104751544 cxxbridge1$string$len + 381808\nE       4   chromedriver                        0x0000000104792934 cxxbridge1$string$len + 649056\nE       5   chromedriver                        0x0000000104745834 cxxbridge1$string$len + 333408\nE       6   chromedriver                        0x0000000104b83fc0 cxxbridge1$str$ptr + 2473268\nE       7   chromedriver                        0x0000000104b8722c cxxbridge1$str$ptr + 2486176\nE       8   chromedriver                        0x0000000104b65a08 cxxbridge1$str$ptr + 2348924\nE       9   chromedriver                        0x0000000104b87ae8 cxxbridge1$str$ptr + 2488412\nE       10  chromedriver                        0x0000000104b56a98 cxxbridge1$str$ptr + 2287628\nE       11  chromedriver                        0x0000000104ba79d8 cxxbridge1$str$ptr + 2619212\nE       12  chromedriver                        0x0000000104ba7b64 cxxbridge1$str$ptr + 2619608\nE       13  chromedriver                        0x0000000104bb89e8 cxxbridge1$str$ptr + 2688860\nE       14  libsystem_pthread.dylib             0x00000001997dfc0c _pthread_start + 136\nE       15  libsystem_pthread.dylib             0x00000001997dab80 thread_start + 8\n\nvenv/lib/python3.9/site-packages/selenium/webdriver/remote/errorhandler.py:232: NoSuchElementException","steps":[],"attachments":[{"uid":"621e144ccdfb1467","name":"test_casemanager_login_logout_screenshot","source":"621e144ccdfb1467.png","type":"image/png","size":5075},{"uid":"9540fa424d5a22f0","name":"test_casemanager_login_logout_html","source":"9540fa424d5a22f0.html","type":"text/html","size":357157}],"parameters":[],"stepsCount":0,"shouldDisplayMessage":true,"attachmentsCount":2,"hasContent":true,"attachmentStep":false},"afterStages":[{"name":"driver::0","time":{"start":1754526439197,"stop":1754526439271,"duration":74},"status":"passed","steps":[],"attachments":[],"parameters":[],"stepsCount":0,"shouldDisplayMessage":false,"attachmentsCount":0,"hasContent":false,"attachmentStep":false}],"labels":[{"name":"parentSuite","value":"tests"},{"name":"suite","value":"test_casemanager_login_logout"},{"name":"host","value":"Olajides-MacBook-Pro.local"},{"name":"thread","value":"16204-MainThread"},{"name":"framework","value":"pytest"},{"name":"language","value":"cpython3"},{"name":"package","value":"tests.test_casemanager_login_logout"},{"name":"resultFormat","value":"allure2"}],"parameters":[],"links":[],"hidden":false,"retry":false,"extra":{"severity":"normal","retries":[],"categories":[{"name":"Test defects","matchedStatuses":[]}],"tags":[]},"source":"c7797e150afcfafa.json","parameterValues":[]}