{"uid":"fb0bbb7b1f5faa08","name":"test_pm_property","fullName":"tests.test_PM_Property#test_pm_property","historyId":"f862758c99df3cadbab3a78b6b0801bc","time":{"start":1752496601908,"stop":1752496632108,"duration":30200},"description":"\n    Test the Property page for correct navigation and icon presence.\n    ","descriptionHtml":"<pre><code>Test the Property page for correct navigation and icon presence.\n</code></pre>\n","status":"broken","statusMessage":"selenium.common.exceptions.TimeoutException: Message: \nStacktrace:\n0   chromedriver                        0x0000000104d24ea4 cxxbridge1$str$ptr + 2722840\n1   chromedriver                        0x0000000104d1cdac cxxbridge1$str$ptr + 2689824\n2   chromedriver                        0x000000010486e3ec cxxbridge1$string$len + 90648\n3   chromedriver                        0x00000001048b5544 cxxbridge1$string$len + 381808\n4   chromedriver                        0x00000001048f6934 cxxbridge1$string$len + 649056\n5   chromedriver                        0x00000001048a9834 cxxbridge1$string$len + 333408\n6   chromedriver                        0x0000000104ce7fc0 cxxbridge1$str$ptr + 2473268\n7   chromedriver                        0x0000000104ceb22c cxxbridge1$str$ptr + 2486176\n8   chromedriver                        0x0000000104cc9a08 cxxbridge1$str$ptr + 2348924\n9   chromedriver                        0x0000000104cebae8 cxxbridge1$str$ptr + 2488412\n10  chromedriver                        0x0000000104cbaa98 cxxbridge1$str$ptr + 2287628\n11  chromedriver                        0x0000000104d0b9d8 cxxbridge1$str$ptr + 2619212\n12  chromedriver                        0x0000000104d0bb64 cxxbridge1$str$ptr + 2619608\n13  chromedriver                        0x0000000104d1c9e8 cxxbridge1$str$ptr + 2688860\n14  libsystem_pthread.dylib             0x000000019350ec0c _pthread_start + 136\n15  libsystem_pthread.dylib             0x0000000193509b80 thread_start + 8","statusTrace":"driver = <selenium.webdriver.chrome.webdriver.WebDriver (session=\"18859443251f4bcf7b2b3a3475e4a637\")>\n\n    def test_pm_property(driver):\n        \"\"\"\n        Test the Property page for correct navigation and icon presence.\n        \"\"\"\n        driver.get(\"https://community-qa.opendoorsatl.org\")\n        driver.maximize_window()\n        wait = WebDriverWait(driver, 15)\n        action = ActionChains(driver)\n    \n        # Step 1: Login\n        wait.until(ec.visibility_of_element_located((By.CSS_SELECTOR, \"img[alt='Open Doors Community']\")))\n        login_field = driver.find_element(By.CSS_SELECTOR, \"div#sfdc_username_container  .input.inputBox\")\n        login_field.send_keys(\"tess@wrcdv.org.qa\")\n        password_field = driver.find_element(By.CSS_SELECTOR, \"div#sfdc_password_container  .input.inputBox\")\n        password_field.send_keys(\"1Gconnect*\")\n        login_btn = driver.find_element(By.CSS_SELECTOR, \".loginButton.slds-button.slds-button--brand.uiButton.uiButton--none > .bBody.label\")\n        login_btn.click()\n        wait.until(ec.visibility_of_element_located((By.LINK_TEXT, \"Home\")))\n    \n        # Step 2: Navigate to Property section and pin All Properties\n        wait.until(ec.element_to_be_clickable((By.CSS_SELECTOR, 'a[href=\"/s/property/Property__c/Default\"]'))).click()\n>       wait.until(ec.element_to_be_clickable((By.XPATH, \"//button[contains(@title, 'Select a List View') and @role='button']\"))).click()\n\ntests/test_PM_Property.py:29: \n_ _ _ _ _ _ _ _ _ _ _ _ _ _ _ _ _ _ _ _ _ _ _ _ _ _ _ _ _ _ _ _ _ _ _ _ _ _ _ _ _ _ _ _ _ _ _ _ _ _ _ _ _ _ _ _ _ _ _ _ _ _ _ _ _ _ _ _ _ _ _ _ _ _ _ _ _ _ _ _ _\n\nself = <selenium.webdriver.support.wait.WebDriverWait (session=\"18859443251f4bcf7b2b3a3475e4a637\")>\nmethod = <function element_to_be_clickable.<locals>._predicate at 0x1110bc5e0>, message = ''\n\n    def until(self, method: Callable[[D], Union[Literal[False], T]], message: str = \"\") -> T:\n        \"\"\"Wait until the method returns a value that is not False.\n    \n        Calls the method provided with the driver as an argument until the\n        return value does not evaluate to ``False``.\n    \n        Parameters:\n        -----------\n        method: callable(WebDriver)\n            - A callable object that takes a WebDriver instance as an argument.\n    \n        message: str\n            - Optional message for :exc:`TimeoutException`\n    \n        Return:\n        -------\n        object: T\n            - The result of the last call to `method`\n    \n        Raises:\n        -------\n        TimeoutException\n            - If 'method' does not return a truthy value within the WebDriverWait\n            object's timeout\n    \n        Example:\n        --------\n        >>> from selenium.webdriver.common.by import By\n        >>> from selenium.webdriver.support.ui import WebDriverWait\n        >>> from selenium.webdriver.support import expected_conditions as EC\n    \n        # Wait until an element is visible on the page\n        >>> wait = WebDriverWait(driver, 10)\n        >>> element = wait.until(EC.visibility_of_element_located((By.ID, \"exampleId\")))\n        >>> print(element.text)\n        \"\"\"\n        screen = None\n        stacktrace = None\n    \n        end_time = time.monotonic() + self._timeout\n        while True:\n            try:\n                value = method(self._driver)\n                if value:\n                    return value\n            except self._ignored_exceptions as exc:\n                screen = getattr(exc, \"screen\", None)\n                stacktrace = getattr(exc, \"stacktrace\", None)\n            if time.monotonic() > end_time:\n                break\n            time.sleep(self._poll)\n>       raise TimeoutException(message, screen, stacktrace)\nE       selenium.common.exceptions.TimeoutException: Message: \nE       Stacktrace:\nE       0   chromedriver                        0x0000000104d24ea4 cxxbridge1$str$ptr + 2722840\nE       1   chromedriver                        0x0000000104d1cdac cxxbridge1$str$ptr + 2689824\nE       2   chromedriver                        0x000000010486e3ec cxxbridge1$string$len + 90648\nE       3   chromedriver                        0x00000001048b5544 cxxbridge1$string$len + 381808\nE       4   chromedriver                        0x00000001048f6934 cxxbridge1$string$len + 649056\nE       5   chromedriver                        0x00000001048a9834 cxxbridge1$string$len + 333408\nE       6   chromedriver                        0x0000000104ce7fc0 cxxbridge1$str$ptr + 2473268\nE       7   chromedriver                        0x0000000104ceb22c cxxbridge1$str$ptr + 2486176\nE       8   chromedriver                        0x0000000104cc9a08 cxxbridge1$str$ptr + 2348924\nE       9   chromedriver                        0x0000000104cebae8 cxxbridge1$str$ptr + 2488412\nE       10  chromedriver                        0x0000000104cbaa98 cxxbridge1$str$ptr + 2287628\nE       11  chromedriver                        0x0000000104d0b9d8 cxxbridge1$str$ptr + 2619212\nE       12  chromedriver                        0x0000000104d0bb64 cxxbridge1$str$ptr + 2619608\nE       13  chromedriver                        0x0000000104d1c9e8 cxxbridge1$str$ptr + 2688860\nE       14  libsystem_pthread.dylib             0x000000019350ec0c _pthread_start + 136\nE       15  libsystem_pthread.dylib             0x0000000193509b80 thread_start + 8\n\n../../Library/Python/3.9/lib/python/site-packages/selenium/webdriver/support/wait.py:138: TimeoutException","flaky":false,"newFailed":false,"newBroken":false,"newPassed":false,"retriesCount":0,"retriesStatusChange":false,"beforeStages":[{"name":"_session_faker","time":{"start":1752496514058,"stop":1752496514114,"duration":56},"status":"passed","steps":[],"attachments":[],"parameters":[],"stepsCount":0,"shouldDisplayMessage":false,"attachmentsCount":0,"hasContent":false,"attachmentStep":false},{"name":"driver","time":{"start":1752496601432,"stop":1752496601907,"duration":475},"status":"passed","steps":[],"attachments":[],"parameters":[],"stepsCount":0,"shouldDisplayMessage":false,"attachmentsCount":0,"hasContent":false,"attachmentStep":false}],"testStage":{"description":"\n    Test the Property page for correct navigation and icon presence.\n    ","status":"broken","statusMessage":"selenium.common.exceptions.TimeoutException: Message: \nStacktrace:\n0   chromedriver                        0x0000000104d24ea4 cxxbridge1$str$ptr + 2722840\n1   chromedriver                        0x0000000104d1cdac cxxbridge1$str$ptr + 2689824\n2   chromedriver                        0x000000010486e3ec cxxbridge1$string$len + 90648\n3   chromedriver                        0x00000001048b5544 cxxbridge1$string$len + 381808\n4   chromedriver                        0x00000001048f6934 cxxbridge1$string$len + 649056\n5   chromedriver                        0x00000001048a9834 cxxbridge1$string$len + 333408\n6   chromedriver                        0x0000000104ce7fc0 cxxbridge1$str$ptr + 2473268\n7   chromedriver                        0x0000000104ceb22c cxxbridge1$str$ptr + 2486176\n8   chromedriver                        0x0000000104cc9a08 cxxbridge1$str$ptr + 2348924\n9   chromedriver                        0x0000000104cebae8 cxxbridge1$str$ptr + 2488412\n10  chromedriver                        0x0000000104cbaa98 cxxbridge1$str$ptr + 2287628\n11  chromedriver                        0x0000000104d0b9d8 cxxbridge1$str$ptr + 2619212\n12  chromedriver                        0x0000000104d0bb64 cxxbridge1$str$ptr + 2619608\n13  chromedriver                        0x0000000104d1c9e8 cxxbridge1$str$ptr + 2688860\n14  libsystem_pthread.dylib             0x000000019350ec0c _pthread_start + 136\n15  libsystem_pthread.dylib             0x0000000193509b80 thread_start + 8","statusTrace":"driver = <selenium.webdriver.chrome.webdriver.WebDriver (session=\"18859443251f4bcf7b2b3a3475e4a637\")>\n\n    def test_pm_property(driver):\n        \"\"\"\n        Test the Property page for correct navigation and icon presence.\n        \"\"\"\n        driver.get(\"https://community-qa.opendoorsatl.org\")\n        driver.maximize_window()\n        wait = WebDriverWait(driver, 15)\n        action = ActionChains(driver)\n    \n        # Step 1: Login\n        wait.until(ec.visibility_of_element_located((By.CSS_SELECTOR, \"img[alt='Open Doors Community']\")))\n        login_field = driver.find_element(By.CSS_SELECTOR, \"div#sfdc_username_container  .input.inputBox\")\n        login_field.send_keys(\"tess@wrcdv.org.qa\")\n        password_field = driver.find_element(By.CSS_SELECTOR, \"div#sfdc_password_container  .input.inputBox\")\n        password_field.send_keys(\"1Gconnect*\")\n        login_btn = driver.find_element(By.CSS_SELECTOR, \".loginButton.slds-button.slds-button--brand.uiButton.uiButton--none > .bBody.label\")\n        login_btn.click()\n        wait.until(ec.visibility_of_element_located((By.LINK_TEXT, \"Home\")))\n    \n        # Step 2: Navigate to Property section and pin All Properties\n        wait.until(ec.element_to_be_clickable((By.CSS_SELECTOR, 'a[href=\"/s/property/Property__c/Default\"]'))).click()\n>       wait.until(ec.element_to_be_clickable((By.XPATH, \"//button[contains(@title, 'Select a List View') and @role='button']\"))).click()\n\ntests/test_PM_Property.py:29: \n_ _ _ _ _ _ _ _ _ _ _ _ _ _ _ _ _ _ _ _ _ _ _ _ _ _ _ _ _ _ _ _ _ _ _ _ _ _ _ _ _ _ _ _ _ _ _ _ _ _ _ _ _ _ _ _ _ _ _ _ _ _ _ _ _ _ _ _ _ _ _ _ _ _ _ _ _ _ _ _ _\n\nself = <selenium.webdriver.support.wait.WebDriverWait (session=\"18859443251f4bcf7b2b3a3475e4a637\")>\nmethod = <function element_to_be_clickable.<locals>._predicate at 0x1110bc5e0>, message = ''\n\n    def until(self, method: Callable[[D], Union[Literal[False], T]], message: str = \"\") -> T:\n        \"\"\"Wait until the method returns a value that is not False.\n    \n        Calls the method provided with the driver as an argument until the\n        return value does not evaluate to ``False``.\n    \n        Parameters:\n        -----------\n        method: callable(WebDriver)\n            - A callable object that takes a WebDriver instance as an argument.\n    \n        message: str\n            - Optional message for :exc:`TimeoutException`\n    \n        Return:\n        -------\n        object: T\n            - The result of the last call to `method`\n    \n        Raises:\n        -------\n        TimeoutException\n            - If 'method' does not return a truthy value within the WebDriverWait\n            object's timeout\n    \n        Example:\n        --------\n        >>> from selenium.webdriver.common.by import By\n        >>> from selenium.webdriver.support.ui import WebDriverWait\n        >>> from selenium.webdriver.support import expected_conditions as EC\n    \n        # Wait until an element is visible on the page\n        >>> wait = WebDriverWait(driver, 10)\n        >>> element = wait.until(EC.visibility_of_element_located((By.ID, \"exampleId\")))\n        >>> print(element.text)\n        \"\"\"\n        screen = None\n        stacktrace = None\n    \n        end_time = time.monotonic() + self._timeout\n        while True:\n            try:\n                value = method(self._driver)\n                if value:\n                    return value\n            except self._ignored_exceptions as exc:\n                screen = getattr(exc, \"screen\", None)\n                stacktrace = getattr(exc, \"stacktrace\", None)\n            if time.monotonic() > end_time:\n                break\n            time.sleep(self._poll)\n>       raise TimeoutException(message, screen, stacktrace)\nE       selenium.common.exceptions.TimeoutException: Message: \nE       Stacktrace:\nE       0   chromedriver                        0x0000000104d24ea4 cxxbridge1$str$ptr + 2722840\nE       1   chromedriver                        0x0000000104d1cdac cxxbridge1$str$ptr + 2689824\nE       2   chromedriver                        0x000000010486e3ec cxxbridge1$string$len + 90648\nE       3   chromedriver                        0x00000001048b5544 cxxbridge1$string$len + 381808\nE       4   chromedriver                        0x00000001048f6934 cxxbridge1$string$len + 649056\nE       5   chromedriver                        0x00000001048a9834 cxxbridge1$string$len + 333408\nE       6   chromedriver                        0x0000000104ce7fc0 cxxbridge1$str$ptr + 2473268\nE       7   chromedriver                        0x0000000104ceb22c cxxbridge1$str$ptr + 2486176\nE       8   chromedriver                        0x0000000104cc9a08 cxxbridge1$str$ptr + 2348924\nE       9   chromedriver                        0x0000000104cebae8 cxxbridge1$str$ptr + 2488412\nE       10  chromedriver                        0x0000000104cbaa98 cxxbridge1$str$ptr + 2287628\nE       11  chromedriver                        0x0000000104d0b9d8 cxxbridge1$str$ptr + 2619212\nE       12  chromedriver                        0x0000000104d0bb64 cxxbridge1$str$ptr + 2619608\nE       13  chromedriver                        0x0000000104d1c9e8 cxxbridge1$str$ptr + 2688860\nE       14  libsystem_pthread.dylib             0x000000019350ec0c _pthread_start + 136\nE       15  libsystem_pthread.dylib             0x0000000193509b80 thread_start + 8\n\n../../Library/Python/3.9/lib/python/site-packages/selenium/webdriver/support/wait.py:138: TimeoutException","steps":[],"attachments":[{"uid":"dcb4a7b52f2f8780","name":"test_pm_property_screenshot","source":"dcb4a7b52f2f8780.png","type":"image/png","size":59851},{"uid":"6fcdfda9232c02a2","name":"test_pm_property_html","source":"6fcdfda9232c02a2.html","type":"text/html","size":543316}],"parameters":[],"stepsCount":0,"shouldDisplayMessage":true,"attachmentsCount":2,"hasContent":true,"attachmentStep":false},"afterStages":[{"name":"driver::0","time":{"start":1752496632217,"stop":1752496632302,"duration":85},"status":"passed","steps":[],"attachments":[],"parameters":[],"stepsCount":0,"shouldDisplayMessage":false,"attachmentsCount":0,"hasContent":false,"attachmentStep":false}],"labels":[{"name":"parentSuite","value":"tests"},{"name":"suite","value":"test_PM_Property"},{"name":"host","value":"MacBookPro"},{"name":"thread","value":"24598-MainThread"},{"name":"framework","value":"pytest"},{"name":"language","value":"cpython3"},{"name":"package","value":"tests.test_PM_Property"},{"name":"resultFormat","value":"allure2"}],"parameters":[],"links":[],"hidden":false,"retry":false,"extra":{"severity":"normal","retries":[],"categories":[{"name":"Test defects","matchedStatuses":[]}],"tags":[]},"source":"fb0bbb7b1f5faa08.json","parameterValues":[]}