{"uid":"ff16d5e577bf4e37","name":"test_ods_docusign_module","fullName":"tests.test_ods_docusign_module#test_ods_docusign_module","historyId":"30d4d165ae20db79ad950836bb0acce0","time":{"start":1754526602405,"stop":1754526630299,"duration":27894},"description":"\n    Test the DocuSign module in the ODS Salesforce app.\n    ","descriptionHtml":"<pre><code>Test the DocuSign module in the ODS Salesforce app.\n</code></pre>\n","status":"broken","statusMessage":"selenium.common.exceptions.TimeoutException: Message: \nStacktrace:\n0   chromedriver                        0x0000000104bfcea4 cxxbridge1$str$ptr + 2722840\n1   chromedriver                        0x0000000104bf4dac cxxbridge1$str$ptr + 2689824\n2   chromedriver                        0x00000001047463ec cxxbridge1$string$len + 90648\n3   chromedriver                        0x000000010478d544 cxxbridge1$string$len + 381808\n4   chromedriver                        0x00000001047ce934 cxxbridge1$string$len + 649056\n5   chromedriver                        0x0000000104781834 cxxbridge1$string$len + 333408\n6   chromedriver                        0x0000000104bbffc0 cxxbridge1$str$ptr + 2473268\n7   chromedriver                        0x0000000104bc322c cxxbridge1$str$ptr + 2486176\n8   chromedriver                        0x0000000104ba1a08 cxxbridge1$str$ptr + 2348924\n9   chromedriver                        0x0000000104bc3ae8 cxxbridge1$str$ptr + 2488412\n10  chromedriver                        0x0000000104b92a98 cxxbridge1$str$ptr + 2287628\n11  chromedriver                        0x0000000104be39d8 cxxbridge1$str$ptr + 2619212\n12  chromedriver                        0x0000000104be3b64 cxxbridge1$str$ptr + 2619608\n13  chromedriver                        0x0000000104bf49e8 cxxbridge1$str$ptr + 2688860\n14  libsystem_pthread.dylib             0x00000001997dfc0c _pthread_start + 136\n15  libsystem_pthread.dylib             0x00000001997dab80 thread_start + 8","statusTrace":"driver = <selenium.webdriver.chrome.webdriver.WebDriver (session=\"27426957548c0d7161b266b70064dcc2\")>\n\n    @pytest.mark.usefixtures(\"driver\")\n    def test_ods_docusign_module(driver):\n        \"\"\"\n        Test the DocuSign module in the ODS Salesforce app.\n        \"\"\"\n        fake = Faker()\n        driver.get(\"https://opendoors--qa.sandbox.my.salesforce.com\")\n        driver.maximize_window()\n        wait = WebDriverWait(driver, 15)\n    \n        # Login Page\n        driver.find_element(By.CSS_SELECTOR, \"#logo\")\n        driver.find_element(By.CSS_SELECTOR, \"#username\").send_keys(\"udeme@opendoorsatl.org.qa\")\n        driver.find_element(By.CSS_SELECTOR, \"#password\").send_keys(\"1Gconnect!\")\n        driver.find_element(By.CSS_SELECTOR, \"#Login\").click()\n    \n        # Home Page\n        wait.until(ec.element_to_be_clickable((By.CSS_SELECTOR, \"div[class='slds-global-header__item'] div[class='slds-global-header__logo']\"))).click()\n    \n        # Clicking on Docusign Module\n        wait.until(ec.element_to_be_clickable((By.CSS_SELECTOR, 'a[href=\"/lightning/o/dfsle__Recipient__c/home\"'))).click()\n        # Docusign Dropdown\n>       wait.until(ec.element_to_be_clickable((By.XPATH, \"//button[@title='Select a List View: DocuSign Envelope Recipients' and contains(@class, 'slds-button_icon-container')]\"))).click()\n\ntests/test_ods_docusign_module.py:30: \n_ _ _ _ _ _ _ _ _ _ _ _ _ _ _ _ _ _ _ _ _ _ _ _ _ _ _ _ _ _ _ _ _ _ _ _ _ _ _ _ _ _ _ _ _ _ _ _ _ _ _ _ _ _ _ _ _ _ _ _ _ _ _ _ _ _ _ _ _ _ _ _ _ _ _ _ _ _ _ _ _\n\nself = <selenium.webdriver.support.wait.WebDriverWait (session=\"27426957548c0d7161b266b70064dcc2\")>\nmethod = <function element_to_be_clickable.<locals>._predicate at 0x1086ef790>, message = ''\n\n    def until(self, method: Callable[[D], Union[Literal[False], T]], message: str = \"\") -> T:\n        \"\"\"Wait until the method returns a value that is not False.\n    \n        Calls the method provided with the driver as an argument until the\n        return value does not evaluate to ``False``.\n    \n        Parameters:\n        -----------\n        method: callable(WebDriver)\n            - A callable object that takes a WebDriver instance as an argument.\n    \n        message: str\n            - Optional message for :exc:`TimeoutException`\n    \n        Return:\n        -------\n        object: T\n            - The result of the last call to `method`\n    \n        Raises:\n        -------\n        TimeoutException\n            - If 'method' does not return a truthy value within the WebDriverWait\n            object's timeout\n    \n        Example:\n        --------\n        >>> from selenium.webdriver.common.by import By\n        >>> from selenium.webdriver.support.ui import WebDriverWait\n        >>> from selenium.webdriver.support import expected_conditions as EC\n    \n        # Wait until an element is visible on the page\n        >>> wait = WebDriverWait(driver, 10)\n        >>> element = wait.until(EC.visibility_of_element_located((By.ID, \"exampleId\")))\n        >>> print(element.text)\n        \"\"\"\n        screen = None\n        stacktrace = None\n    \n        end_time = time.monotonic() + self._timeout\n        while True:\n            try:\n                value = method(self._driver)\n                if value:\n                    return value\n            except self._ignored_exceptions as exc:\n                screen = getattr(exc, \"screen\", None)\n                stacktrace = getattr(exc, \"stacktrace\", None)\n            if time.monotonic() > end_time:\n                break\n            time.sleep(self._poll)\n>       raise TimeoutException(message, screen, stacktrace)\nE       selenium.common.exceptions.TimeoutException: Message: \nE       Stacktrace:\nE       0   chromedriver                        0x0000000104bfcea4 cxxbridge1$str$ptr + 2722840\nE       1   chromedriver                        0x0000000104bf4dac cxxbridge1$str$ptr + 2689824\nE       2   chromedriver                        0x00000001047463ec cxxbridge1$string$len + 90648\nE       3   chromedriver                        0x000000010478d544 cxxbridge1$string$len + 381808\nE       4   chromedriver                        0x00000001047ce934 cxxbridge1$string$len + 649056\nE       5   chromedriver                        0x0000000104781834 cxxbridge1$string$len + 333408\nE       6   chromedriver                        0x0000000104bbffc0 cxxbridge1$str$ptr + 2473268\nE       7   chromedriver                        0x0000000104bc322c cxxbridge1$str$ptr + 2486176\nE       8   chromedriver                        0x0000000104ba1a08 cxxbridge1$str$ptr + 2348924\nE       9   chromedriver                        0x0000000104bc3ae8 cxxbridge1$str$ptr + 2488412\nE       10  chromedriver                        0x0000000104b92a98 cxxbridge1$str$ptr + 2287628\nE       11  chromedriver                        0x0000000104be39d8 cxxbridge1$str$ptr + 2619212\nE       12  chromedriver                        0x0000000104be3b64 cxxbridge1$str$ptr + 2619608\nE       13  chromedriver                        0x0000000104bf49e8 cxxbridge1$str$ptr + 2688860\nE       14  libsystem_pthread.dylib             0x00000001997dfc0c _pthread_start + 136\nE       15  libsystem_pthread.dylib             0x00000001997dab80 thread_start + 8\n\nvenv/lib/python3.9/site-packages/selenium/webdriver/support/wait.py:138: TimeoutException","flaky":false,"newFailed":false,"newBroken":false,"newPassed":false,"retriesCount":0,"retriesStatusChange":false,"beforeStages":[{"name":"_session_faker","time":{"start":1754526255199,"stop":1754526255211,"duration":12},"status":"passed","steps":[],"attachments":[],"parameters":[],"stepsCount":0,"shouldDisplayMessage":false,"attachmentsCount":0,"hasContent":false,"attachmentStep":false},{"name":"driver","time":{"start":1754526601817,"stop":1754526602404,"duration":587},"status":"passed","steps":[],"attachments":[],"parameters":[],"stepsCount":0,"shouldDisplayMessage":false,"attachmentsCount":0,"hasContent":false,"attachmentStep":false}],"testStage":{"description":"\n    Test the DocuSign module in the ODS Salesforce app.\n    ","status":"broken","statusMessage":"selenium.common.exceptions.TimeoutException: Message: \nStacktrace:\n0   chromedriver                        0x0000000104bfcea4 cxxbridge1$str$ptr + 2722840\n1   chromedriver                        0x0000000104bf4dac cxxbridge1$str$ptr + 2689824\n2   chromedriver                        0x00000001047463ec cxxbridge1$string$len + 90648\n3   chromedriver                        0x000000010478d544 cxxbridge1$string$len + 381808\n4   chromedriver                        0x00000001047ce934 cxxbridge1$string$len + 649056\n5   chromedriver                        0x0000000104781834 cxxbridge1$string$len + 333408\n6   chromedriver                        0x0000000104bbffc0 cxxbridge1$str$ptr + 2473268\n7   chromedriver                        0x0000000104bc322c cxxbridge1$str$ptr + 2486176\n8   chromedriver                        0x0000000104ba1a08 cxxbridge1$str$ptr + 2348924\n9   chromedriver                        0x0000000104bc3ae8 cxxbridge1$str$ptr + 2488412\n10  chromedriver                        0x0000000104b92a98 cxxbridge1$str$ptr + 2287628\n11  chromedriver                        0x0000000104be39d8 cxxbridge1$str$ptr + 2619212\n12  chromedriver                        0x0000000104be3b64 cxxbridge1$str$ptr + 2619608\n13  chromedriver                        0x0000000104bf49e8 cxxbridge1$str$ptr + 2688860\n14  libsystem_pthread.dylib             0x00000001997dfc0c _pthread_start + 136\n15  libsystem_pthread.dylib             0x00000001997dab80 thread_start + 8","statusTrace":"driver = <selenium.webdriver.chrome.webdriver.WebDriver (session=\"27426957548c0d7161b266b70064dcc2\")>\n\n    @pytest.mark.usefixtures(\"driver\")\n    def test_ods_docusign_module(driver):\n        \"\"\"\n        Test the DocuSign module in the ODS Salesforce app.\n        \"\"\"\n        fake = Faker()\n        driver.get(\"https://opendoors--qa.sandbox.my.salesforce.com\")\n        driver.maximize_window()\n        wait = WebDriverWait(driver, 15)\n    \n        # Login Page\n        driver.find_element(By.CSS_SELECTOR, \"#logo\")\n        driver.find_element(By.CSS_SELECTOR, \"#username\").send_keys(\"udeme@opendoorsatl.org.qa\")\n        driver.find_element(By.CSS_SELECTOR, \"#password\").send_keys(\"1Gconnect!\")\n        driver.find_element(By.CSS_SELECTOR, \"#Login\").click()\n    \n        # Home Page\n        wait.until(ec.element_to_be_clickable((By.CSS_SELECTOR, \"div[class='slds-global-header__item'] div[class='slds-global-header__logo']\"))).click()\n    \n        # Clicking on Docusign Module\n        wait.until(ec.element_to_be_clickable((By.CSS_SELECTOR, 'a[href=\"/lightning/o/dfsle__Recipient__c/home\"'))).click()\n        # Docusign Dropdown\n>       wait.until(ec.element_to_be_clickable((By.XPATH, \"//button[@title='Select a List View: DocuSign Envelope Recipients' and contains(@class, 'slds-button_icon-container')]\"))).click()\n\ntests/test_ods_docusign_module.py:30: \n_ _ _ _ _ _ _ _ _ _ _ _ _ _ _ _ _ _ _ _ _ _ _ _ _ _ _ _ _ _ _ _ _ _ _ _ _ _ _ _ _ _ _ _ _ _ _ _ _ _ _ _ _ _ _ _ _ _ _ _ _ _ _ _ _ _ _ _ _ _ _ _ _ _ _ _ _ _ _ _ _\n\nself = <selenium.webdriver.support.wait.WebDriverWait (session=\"27426957548c0d7161b266b70064dcc2\")>\nmethod = <function element_to_be_clickable.<locals>._predicate at 0x1086ef790>, message = ''\n\n    def until(self, method: Callable[[D], Union[Literal[False], T]], message: str = \"\") -> T:\n        \"\"\"Wait until the method returns a value that is not False.\n    \n        Calls the method provided with the driver as an argument until the\n        return value does not evaluate to ``False``.\n    \n        Parameters:\n        -----------\n        method: callable(WebDriver)\n            - A callable object that takes a WebDriver instance as an argument.\n    \n        message: str\n            - Optional message for :exc:`TimeoutException`\n    \n        Return:\n        -------\n        object: T\n            - The result of the last call to `method`\n    \n        Raises:\n        -------\n        TimeoutException\n            - If 'method' does not return a truthy value within the WebDriverWait\n            object's timeout\n    \n        Example:\n        --------\n        >>> from selenium.webdriver.common.by import By\n        >>> from selenium.webdriver.support.ui import WebDriverWait\n        >>> from selenium.webdriver.support import expected_conditions as EC\n    \n        # Wait until an element is visible on the page\n        >>> wait = WebDriverWait(driver, 10)\n        >>> element = wait.until(EC.visibility_of_element_located((By.ID, \"exampleId\")))\n        >>> print(element.text)\n        \"\"\"\n        screen = None\n        stacktrace = None\n    \n        end_time = time.monotonic() + self._timeout\n        while True:\n            try:\n                value = method(self._driver)\n                if value:\n                    return value\n            except self._ignored_exceptions as exc:\n                screen = getattr(exc, \"screen\", None)\n                stacktrace = getattr(exc, \"stacktrace\", None)\n            if time.monotonic() > end_time:\n                break\n            time.sleep(self._poll)\n>       raise TimeoutException(message, screen, stacktrace)\nE       selenium.common.exceptions.TimeoutException: Message: \nE       Stacktrace:\nE       0   chromedriver                        0x0000000104bfcea4 cxxbridge1$str$ptr + 2722840\nE       1   chromedriver                        0x0000000104bf4dac cxxbridge1$str$ptr + 2689824\nE       2   chromedriver                        0x00000001047463ec cxxbridge1$string$len + 90648\nE       3   chromedriver                        0x000000010478d544 cxxbridge1$string$len + 381808\nE       4   chromedriver                        0x00000001047ce934 cxxbridge1$string$len + 649056\nE       5   chromedriver                        0x0000000104781834 cxxbridge1$string$len + 333408\nE       6   chromedriver                        0x0000000104bbffc0 cxxbridge1$str$ptr + 2473268\nE       7   chromedriver                        0x0000000104bc322c cxxbridge1$str$ptr + 2486176\nE       8   chromedriver                        0x0000000104ba1a08 cxxbridge1$str$ptr + 2348924\nE       9   chromedriver                        0x0000000104bc3ae8 cxxbridge1$str$ptr + 2488412\nE       10  chromedriver                        0x0000000104b92a98 cxxbridge1$str$ptr + 2287628\nE       11  chromedriver                        0x0000000104be39d8 cxxbridge1$str$ptr + 2619212\nE       12  chromedriver                        0x0000000104be3b64 cxxbridge1$str$ptr + 2619608\nE       13  chromedriver                        0x0000000104bf49e8 cxxbridge1$str$ptr + 2688860\nE       14  libsystem_pthread.dylib             0x00000001997dfc0c _pthread_start + 136\nE       15  libsystem_pthread.dylib             0x00000001997dab80 thread_start + 8\n\nvenv/lib/python3.9/site-packages/selenium/webdriver/support/wait.py:138: TimeoutException","steps":[],"attachments":[{"uid":"2ee78f73dcf7b44b","name":"test_ods_docusign_module_screenshot","source":"2ee78f73dcf7b44b.png","type":"image/png","size":90479},{"uid":"66170c66c6e9622","name":"test_ods_docusign_module_html","source":"66170c66c6e9622.html","type":"text/html","size":615914}],"parameters":[],"stepsCount":0,"shouldDisplayMessage":true,"attachmentsCount":2,"hasContent":true,"attachmentStep":false},"afterStages":[{"name":"driver::0","time":{"start":1754526630418,"stop":1754526630523,"duration":105},"status":"passed","steps":[],"attachments":[],"parameters":[],"stepsCount":0,"shouldDisplayMessage":false,"attachmentsCount":0,"hasContent":false,"attachmentStep":false}],"labels":[{"name":"parentSuite","value":"tests"},{"name":"suite","value":"test_ods_docusign_module"},{"name":"host","value":"Olajides-MacBook-Pro.local"},{"name":"thread","value":"16204-MainThread"},{"name":"framework","value":"pytest"},{"name":"language","value":"cpython3"},{"name":"package","value":"tests.test_ods_docusign_module"},{"name":"resultFormat","value":"allure2"}],"parameters":[],"links":[],"hidden":false,"retry":false,"extra":{"severity":"normal","retries":[],"categories":[{"name":"Test defects","matchedStatuses":[]}],"tags":[]},"source":"ff16d5e577bf4e37.json","parameterValues":[]}